#
# There is insufficient memory for the Java Runtime Environment to continue.
# Native memory allocation (malloc) failed to allocate 1811216 bytes for Chunk::new
# Possible reasons:
#   The system is out of physical RAM or swap space
#   The process is running with CompressedOops enabled, and the Java Heap may be blocking the growth of the native heap
# Possible solutions:
#   Reduce memory load on the system
#   Increase physical memory or swap space
#   Check if swap backing store is full
#   Decrease Java heap size (-Xmx/-Xms)
#   Decrease number of Java threads
#   Decrease Java thread stack sizes (-Xss)
#   Set larger code cache with -XX:ReservedCodeCacheSize=
#   JVM is running with Unscaled Compressed Oops mode in which the Java heap is
#     placed in the first 4GB address space. The Java Heap base address is the
#     maximum limit for the native heap growth. Please use -XX:HeapBaseMinAddress
#     to set the Java Heap base and to place the Java Heap above 4GB virtual address.
# This output file may be truncated or incomplete.
#
#  Out of Memory Error (arena.cpp:189), pid=20672, tid=9340
#
# JRE version: Java(TM) SE Runtime Environment (17.0.2+8) (build 17.0.2+8-LTS-86)
# Java VM: Java HotSpot(TM) 64-Bit Server VM (17.0.2+8-LTS-86, mixed mode, sharing, tiered, compressed oops, compressed class ptrs, g1 gc, windows-amd64)
# No core dump will be written. Minidumps are not enabled by default on client versions of Windows
#

---------------  S U M M A R Y ------------

Command Line: --add-opens=java.base/java.util=ALL-UNNAMED --add-opens=java.base/java.lang=ALL-UNNAMED --add-opens=java.base/java.lang.invoke=ALL-UNNAMED --add-opens=java.prefs/java.util.prefs=ALL-UNNAMED --add-opens=java.base/java.nio.charset=ALL-UNNAMED --add-opens=java.base/java.net=ALL-UNNAMED --add-opens=java.base/java.util.concurrent.atomic=ALL-UNNAMED -XX:MaxMetaspaceSize=384m -XX:+HeapDumpOnOutOfMemoryError -Xms256m -Xmx512m -Dfile.encoding=UTF-8 -Duser.country=BR -Duser.language=pt -Duser.variant -javaagent:C:\Users\HELIO\.gradle\wrapper\dists\gradle-8.2.1-bin\5hap6b9n41hkg4jeh2au2pllh\gradle-8.2.1\lib\agents\gradle-instrumentation-agent-8.2.1.jar org.gradle.launcher.daemon.bootstrap.GradleDaemon 8.2.1

Host: Intel(R) Core(TM) i5-10210U CPU @ 1.60GHz, 8 cores, 7G,  Windows 11 , 64 bit Build 22621 (10.0.22621.2070)
Time: Sun Sep 17 16:20:34 2023 Hora oficial do Brasil elapsed time: 142.844254 seconds (0d 0h 2m 22s)

---------------  T H R E A D  ---------------

Current thread (0x000001bfacf98e70):  JavaThread "C2 CompilerThread0" daemon [_thread_in_native, id=9340, stack(0x0000007752c00000,0x0000007752d00000)]


Current CompileTask:
C2: 142844 12044 %     4       org.gradle.internal.instantiation.generator.AbstractClassGenerator::inspectType @ 163 (560 bytes)

Stack: [0x0000007752c00000,0x0000007752d00000]
Native frames: (J=compiled Java code, j=interpreted, Vv=VM code, C=native code)
V  [jvm.dll+0x670baa]
V  [jvm.dll+0x7cfcb4]
V  [jvm.dll+0x7d145e]
V  [jvm.dll+0x7d1ac3]
V  [jvm.dll+0x242bc5]
V  [jvm.dll+0xaa57b]
V  [jvm.dll+0xaab0c]
V  [jvm.dll+0x35fcb2]
V  [jvm.dll+0x32a331]
V  [jvm.dll+0x3297da]
V  [jvm.dll+0x215c91]
V  [jvm.dll+0x2150b1]
V  [jvm.dll+0x1a1bbd]
V  [jvm.dll+0x224908]
V  [jvm.dll+0x222a6c]
V  [jvm.dll+0x7859bb]
V  [jvm.dll+0x77ff7a]
V  [jvm.dll+0x66fa35]
C  [ucrtbase.dll+0x29363]
C  [KERNEL32.DLL+0x126ad]
C  [ntdll.dll+0x5aa68]


---------------  P R O C E S S  ---------------

Threads class SMR info:
_java_thread_list=0x000001bfb5352e30, length=53, elements={
0x000001bf926db180, 0x000001bfacf7dc30, 0x000001bfacf7e7e0, 0x000001bfacf91eb0,
0x000001bfacf92a60, 0x000001bfacf95620, 0x000001bfacf980e0, 0x000001bfacf98e70,
0x000001bfacf9ac40, 0x000001bfacf9b950, 0x000001bfacf64dc0, 0x000001bfada57450,
0x000001bfaf226ad0, 0x000001bfafd95eb0, 0x000001bfaf2b1980, 0x000001bfaef2e6c0,
0x000001bfaef2dd20, 0x000001bfaef2c9e0, 0x000001bfaef2b6a0, 0x000001bfaef2bb70,
0x000001bfaef2ceb0, 0x000001bfaef2c040, 0x000001bfaef2b1d0, 0x000001bfaef2e1f0,
0x000001bfaef2ad00, 0x000001bfb0484870, 0x000001bfb0486550, 0x000001bfb0483060,
0x000001bfaf8e50b0, 0x000001bfaf8e5f20, 0x000001bfb1e35460, 0x000001bfb4bf49a0,
0x000001bfb1ba99f0, 0x000001bfb1baa390, 0x000001bfb1ba9ec0, 0x000001bfb1e83fb0,
0x000001bfb1e83ae0, 0x000001bfb1e83610, 0x000001bfb4f8b230, 0x000001bfb4f8a890,
0x000001bfb4f89080, 0x000001bfb4f8ca40, 0x000001bfb4f8c570, 0x000001bfb213c060,
0x000001bfb213dd40, 0x000001bfb49ed710, 0x000001bfb49ecd70, 0x000001bfb49ebf00,
0x000001bfb49ec3d0, 0x000001bfb49b4520, 0x000001bfb49b49f0, 0x000001bfb49b6200,
0x000001bfb49b5860
}

Java Threads: ( => current thread )
  0x000001bf926db180 JavaThread "main" [_thread_blocked, id=18616, stack(0x0000007751f00000,0x0000007752000000)]
  0x000001bfacf7dc30 JavaThread "Reference Handler" daemon [_thread_blocked, id=19812, stack(0x0000007752600000,0x0000007752700000)]
  0x000001bfacf7e7e0 JavaThread "Finalizer" daemon [_thread_blocked, id=14668, stack(0x0000007752700000,0x0000007752800000)]
  0x000001bfacf91eb0 JavaThread "Signal Dispatcher" daemon [_thread_blocked, id=15568, stack(0x0000007752800000,0x0000007752900000)]
  0x000001bfacf92a60 JavaThread "Attach Listener" daemon [_thread_blocked, id=7684, stack(0x0000007752900000,0x0000007752a00000)]
  0x000001bfacf95620 JavaThread "Service Thread" daemon [_thread_blocked, id=13768, stack(0x0000007752a00000,0x0000007752b00000)]
  0x000001bfacf980e0 JavaThread "Monitor Deflation Thread" daemon [_thread_blocked, id=16860, stack(0x0000007752b00000,0x0000007752c00000)]
=>0x000001bfacf98e70 JavaThread "C2 CompilerThread0" daemon [_thread_in_native, id=9340, stack(0x0000007752c00000,0x0000007752d00000)]
  0x000001bfacf9ac40 JavaThread "C1 CompilerThread0" daemon [_thread_blocked, id=12428, stack(0x0000007752d00000,0x0000007752e00000)]
  0x000001bfacf9b950 JavaThread "Sweeper thread" daemon [_thread_blocked, id=18656, stack(0x0000007752e00000,0x0000007752f00000)]
  0x000001bfacf64dc0 JavaThread "Common-Cleaner" daemon [_thread_blocked, id=14380, stack(0x0000007752f00000,0x0000007753000000)]
  0x000001bfada57450 JavaThread "Notification Thread" daemon [_thread_blocked, id=13860, stack(0x0000007753000000,0x0000007753100000)]
  0x000001bfaf226ad0 JavaThread "Daemon health stats" [_thread_blocked, id=21608, stack(0x0000007753800000,0x0000007753900000)]
  0x000001bfafd95eb0 JavaThread "Incoming local TCP Connector on port 65289" [_thread_in_native, id=20572, stack(0x0000007753700000,0x0000007753800000)]
  0x000001bfaf2b1980 JavaThread "Daemon periodic checks" [_thread_blocked, id=11216, stack(0x0000007753900000,0x0000007753a00000)]
  0x000001bfaef2e6c0 JavaThread "Cache worker for journal cache (C:\Users\HELIO\.gradle\caches\journal-1)" [_thread_blocked, id=10296, stack(0x0000007754100000,0x0000007754200000)]
  0x000001bfaef2dd20 JavaThread "File lock request listener" [_thread_in_native, id=15840, stack(0x0000007754200000,0x0000007754300000)]
  0x000001bfaef2c9e0 JavaThread "Cache worker for file hash cache (C:\Users\HELIO\.gradle\caches\8.2.1\fileHashes)" [_thread_blocked, id=18232, stack(0x0000007754300000,0x0000007754400000)]
  0x000001bfaef2b6a0 JavaThread "File watcher server" daemon [_thread_in_native, id=4736, stack(0x0000007754400000,0x0000007754500000)]
  0x000001bfaef2bb70 JavaThread "File watcher consumer" daemon [_thread_blocked, id=17232, stack(0x0000007754500000,0x0000007754600000)]
  0x000001bfaef2ceb0 JavaThread "jar transforms" [_thread_blocked, id=17196, stack(0x0000007754600000,0x0000007754700000)]
  0x000001bfaef2c040 JavaThread "jar transforms Thread 2" [_thread_blocked, id=1412, stack(0x0000007754700000,0x0000007754800000)]
  0x000001bfaef2b1d0 JavaThread "jar transforms Thread 3" [_thread_blocked, id=17132, stack(0x0000007754800000,0x0000007754900000)]
  0x000001bfaef2e1f0 JavaThread "jar transforms Thread 4" [_thread_blocked, id=2036, stack(0x0000007754900000,0x0000007754a00000)]
  0x000001bfaef2ad00 JavaThread "jar transforms Thread 5" [_thread_blocked, id=18288, stack(0x0000007754a00000,0x0000007754b00000)]
  0x000001bfb0484870 JavaThread "jar transforms Thread 6" [_thread_blocked, id=9096, stack(0x0000007754b00000,0x0000007754c00000)]
  0x000001bfb0486550 JavaThread "jar transforms Thread 7" [_thread_blocked, id=21640, stack(0x0000007754c00000,0x0000007754d00000)]
  0x000001bfb0483060 JavaThread "jar transforms Thread 8" [_thread_blocked, id=8112, stack(0x0000007754d00000,0x0000007754e00000)]
  0x000001bfaf8e50b0 JavaThread "Cache worker for file content cache (C:\Users\HELIO\.gradle\caches\8.2.1\fileContent)" [_thread_blocked, id=10884, stack(0x0000007755300000,0x0000007755400000)]
  0x000001bfaf8e5f20 JavaThread "Cache worker for execution history cache (C:\Users\HELIO\.gradle\caches\8.2.1\executionHistory)" [_thread_blocked, id=9016, stack(0x0000007755600000,0x0000007755700000)]
  0x000001bfb1e35460 JavaThread "Memory manager" [_thread_blocked, id=16244, stack(0x0000007756000000,0x0000007756100000)]
  0x000001bfb4bf49a0 JavaThread "Daemon Thread 2" [_thread_blocked, id=17688, stack(0x0000007751c00000,0x0000007751d00000)]
  0x000001bfb1ba99f0 JavaThread "Handler for socket connection from /127.0.0.1:65289 to /127.0.0.1:65399" [_thread_in_native, id=14984, stack(0x0000007751d00000,0x0000007751e00000)]
  0x000001bfb1baa390 JavaThread "Cancel handler" [_thread_blocked, id=14360, stack(0x0000007751e00000,0x0000007751f00000)]
  0x000001bfb1ba9ec0 JavaThread "Daemon worker Thread 2" [_thread_in_Java, id=15148, stack(0x0000007753a00000,0x0000007753b00000)]
  0x000001bfb1e83fb0 JavaThread "Asynchronous log dispatcher for DefaultDaemonConnection: socket connection from /127.0.0.1:65289 to /127.0.0.1:65399" [_thread_blocked, id=15412, stack(0x0000007753b00000,0x0000007753c00000)]
  0x000001bfb1e83ae0 JavaThread "Stdin handler" [_thread_blocked, id=10352, stack(0x0000007753c00000,0x0000007753d00000)]
  0x000001bfb1e83610 JavaThread "Daemon client event forwarder" [_thread_blocked, id=15020, stack(0x0000007753d00000,0x0000007753e00000)]
  0x000001bfb4f8b230 JavaThread "Cache worker for checksums cache (C:\colaborador\.gradle\8.2.1\checksums)" [_thread_blocked, id=8096, stack(0x0000007753e00000,0x0000007753f00000)]
  0x000001bfb4f8a890 JavaThread "Cache worker for cache directory md-rule (C:\Users\HELIO\.gradle\caches\8.2.1\md-rule)" [_thread_blocked, id=19548, stack(0x0000007753f00000,0x0000007754000000)]
  0x000001bfb4f89080 JavaThread "Cache worker for file hash cache (C:\colaborador\.gradle\8.2.1\fileHashes)" [_thread_blocked, id=2896, stack(0x0000007754000000,0x0000007754100000)]
  0x000001bfb4f8ca40 JavaThread "Cache worker for cache directory md-supplier (C:\Users\HELIO\.gradle\caches\8.2.1\md-supplier)" [_thread_blocked, id=19096, stack(0x0000007755100000,0x0000007755200000)]
  0x000001bfb4f8c570 JavaThread "Unconstrained build operations" [_thread_blocked, id=14120, stack(0x0000007755200000,0x0000007755300000)]
  0x000001bfb213c060 JavaThread "gradle-enterprise-worker-0" [_thread_blocked, id=21720, stack(0x0000007755400000,0x0000007755500000)]
  0x000001bfb213dd40 JavaThread "Cache worker for dependencies-accessors (C:\colaborador\.gradle\8.2.1\dependencies-accessors)" [_thread_blocked, id=4040, stack(0x0000007755500000,0x0000007755600000)]
  0x000001bfb49ed710 JavaThread "Cache worker for Build Output Cleanup Cache (C:\colaborador\.gradle\buildOutputCleanup)" [_thread_blocked, id=20040, stack(0x0000007755700000,0x0000007755800000)]
  0x000001bfb49ecd70 JavaThread "Unconstrained build operations Thread 2" [_thread_blocked, id=4808, stack(0x0000007755800000,0x0000007755900000)]
  0x000001bfb49ebf00 JavaThread "Unconstrained build operations Thread 3" [_thread_blocked, id=17072, stack(0x0000007755900000,0x0000007755a00000)]
  0x000001bfb49ec3d0 JavaThread "Unconstrained build operations Thread 4" [_thread_blocked, id=22044, stack(0x0000007755a00000,0x0000007755b00000)]
  0x000001bfb49b4520 JavaThread "Unconstrained build operations Thread 5" [_thread_blocked, id=18456, stack(0x0000007755b00000,0x0000007755c00000)]
  0x000001bfb49b49f0 JavaThread "Unconstrained build operations Thread 6" [_thread_blocked, id=2776, stack(0x0000007755c00000,0x0000007755d00000)]
  0x000001bfb49b6200 JavaThread "Unconstrained build operations Thread 7" [_thread_blocked, id=11696, stack(0x0000007755d00000,0x0000007755e00000)]
  0x000001bfb49b5860 JavaThread "Unconstrained build operations Thread 8" [_thread_blocked, id=16680, stack(0x0000007755e00000,0x0000007755f00000)]

Other Threads:
  0x000001bfacf71150 VMThread "VM Thread" [stack: 0x0000007752500000,0x0000007752600000] [id=21500]
  0x000001bfada73ea0 WatcherThread [stack: 0x0000007753100000,0x0000007753200000] [id=21792]
  0x000001bf92704230 GCTaskThread "GC Thread#0" [stack: 0x0000007752000000,0x0000007752100000] [id=19540]
  0x000001bfae2e4070 GCTaskThread "GC Thread#1" [stack: 0x0000007753200000,0x0000007753300000] [id=21732]
  0x000001bfae6ba820 GCTaskThread "GC Thread#2" [stack: 0x0000007753300000,0x0000007753400000] [id=13664]
  0x000001bfae6baad0 GCTaskThread "GC Thread#3" [stack: 0x0000007753400000,0x0000007753500000] [id=7116]
  0x000001bfae6f3760 GCTaskThread "GC Thread#4" [stack: 0x0000007753500000,0x0000007753600000] [id=6892]
  0x000001bfae37dc70 GCTaskThread "GC Thread#5" [stack: 0x0000007753600000,0x0000007753700000] [id=12728]
  0x000001bfae6b0650 GCTaskThread "GC Thread#6" [stack: 0x0000007754e00000,0x0000007754f00000] [id=22084]
  0x000001bfae6af0d0 GCTaskThread "GC Thread#7" [stack: 0x0000007754f00000,0x0000007755000000] [id=8980]
  0x000001bf92709170 ConcurrentGCThread "G1 Main Marker" [stack: 0x0000007752100000,0x0000007752200000] [id=19516]
  0x000001bf92709ce0 ConcurrentGCThread "G1 Conc#0" [stack: 0x0000007752200000,0x0000007752300000] [id=11172]
  0x000001bfae6b0900 ConcurrentGCThread "G1 Conc#1" [stack: 0x0000007755000000,0x0000007755100000] [id=7712]
  0x000001bf927ad910 ConcurrentGCThread "G1 Refine#0" [stack: 0x0000007752300000,0x0000007752400000] [id=15592]
  0x000001bfb03db5a0 ConcurrentGCThread "G1 Refine#1" [stack: 0x0000007756d00000,0x0000007756e00000] [id=13508]
  0x000001bfb03d98e0 ConcurrentGCThread "G1 Refine#2" [stack: 0x0000007756e00000,0x0000007756f00000] [id=22380]
  0x000001bfb03dc9c0 ConcurrentGCThread "G1 Refine#3" [stack: 0x0000007756f00000,0x0000007757000000] [id=1736]
  0x000001bfb03d9ea0 ConcurrentGCThread "G1 Refine#4" [stack: 0x0000007757000000,0x0000007757100000] [id=2764]
  0x000001bfb03d9040 ConcurrentGCThread "G1 Refine#5" [stack: 0x0000007757100000,0x0000007757200000] [id=12908]
  0x000001bf927ae330 ConcurrentGCThread "G1 Service" [stack: 0x0000007752400000,0x0000007752500000] [id=14504]

Threads with active compile tasks:
C2 CompilerThread0   142901 12044 %     4       org.gradle.internal.instantiation.generator.AbstractClassGenerator::inspectType @ 163 (560 bytes)

VM state: not at safepoint (normal execution)

VM Mutex/Monitor currently owned by a thread: None

Heap address: 0x00000000e0000000, size: 512 MB, Compressed Oops mode: 32-bit

CDS archive(s) mapped at: [0x0000000800000000-0x0000000800bc0000-0x0000000800bc0000), size 12320768, SharedBaseAddress: 0x0000000800000000, ArchiveRelocationMode: 0.
Compressed class space mapped at: 0x0000000800c00000-0x0000000814000000, reserved size: 322961408
Narrow klass base: 0x0000000800000000, Narrow klass shift: 0, Narrow klass range: 0x100000000

GC Precious Log:
 CPUs: 8 total, 8 available
 Memory: 8025M
 Large Page Support: Disabled
 NUMA Support: Disabled
 Compressed Oops: Enabled (32-bit)
 Heap Region Size: 1M
 Heap Min Capacity: 256M
 Heap Initial Capacity: 256M
 Heap Max Capacity: 512M
 Pre-touch: Disabled
 Parallel Workers: 8
 Concurrent Workers: 2
 Concurrent Refinement Workers: 8
 Periodic GC: Disabled

Heap:
 garbage-first heap   total 262144K, used 215181K [0x00000000e0000000, 0x0000000100000000)
  region size 1024K, 92 young (94208K), 12 survivors (12288K)
 Metaspace       used 83593K, committed 84416K, reserved 389120K
  class space    used 11447K, committed 11840K, reserved 315392K

Heap Regions: E=young(eden), S=young(survivor), O=old, HS=humongous(starts), HC=humongous(continues), CS=collection set, F=free, OA=open archive, CA=closed archive, TAMS=top-at-mark-start (previous, next)
|   0|0x00000000e0000000, 0x00000000e0100000, 0x00000000e0100000|100%|HS|  |TAMS 0x00000000e0100000, 0x00000000e0000000| Complete 
|   1|0x00000000e0100000, 0x00000000e0200000, 0x00000000e0200000|100%|HC|  |TAMS 0x00000000e0200000, 0x00000000e0100000| Complete 
|   2|0x00000000e0200000, 0x00000000e0300000, 0x00000000e0300000|100%|HC|  |TAMS 0x00000000e0300000, 0x00000000e0200000| Complete 
|   3|0x00000000e0300000, 0x00000000e0400000, 0x00000000e0400000|100%|HC|  |TAMS 0x00000000e0400000, 0x00000000e0300000| Complete 
|   4|0x00000000e0400000, 0x00000000e0500000, 0x00000000e0500000|100%| O|  |TAMS 0x00000000e0500000, 0x00000000e0400000| Untracked 
|   5|0x00000000e0500000, 0x00000000e0600000, 0x00000000e0600000|100%| O|  |TAMS 0x00000000e0600000, 0x00000000e0500000| Untracked 
|   6|0x00000000e0600000, 0x00000000e0700000, 0x00000000e0700000|100%| O|  |TAMS 0x00000000e0700000, 0x00000000e0600000| Untracked 
|   7|0x00000000e0700000, 0x00000000e0800000, 0x00000000e0800000|100%| O|  |TAMS 0x00000000e0800000, 0x00000000e0700000| Untracked 
|   8|0x00000000e0800000, 0x00000000e0900000, 0x00000000e0900000|100%| O|  |TAMS 0x00000000e0900000, 0x00000000e0800000| Untracked 
|   9|0x00000000e0900000, 0x00000000e0a00000, 0x00000000e0a00000|100%| O|  |TAMS 0x00000000e0a00000, 0x00000000e0900000| Untracked 
|  10|0x00000000e0a00000, 0x00000000e0b00000, 0x00000000e0b00000|100%| O|  |TAMS 0x00000000e0b00000, 0x00000000e0a00000| Untracked 
|  11|0x00000000e0b00000, 0x00000000e0c00000, 0x00000000e0c00000|100%|HS|  |TAMS 0x00000000e0c00000, 0x00000000e0b00000| Complete 
|  12|0x00000000e0c00000, 0x00000000e0d00000, 0x00000000e0d00000|100%|HS|  |TAMS 0x00000000e0d00000, 0x00000000e0c00000| Complete 
|  13|0x00000000e0d00000, 0x00000000e0e00000, 0x00000000e0e00000|100%|HC|  |TAMS 0x00000000e0e00000, 0x00000000e0d00000| Complete 
|  14|0x00000000e0e00000, 0x00000000e0f00000, 0x00000000e0f00000|100%|HS|  |TAMS 0x00000000e0f00000, 0x00000000e0e00000| Complete 
|  15|0x00000000e0f00000, 0x00000000e1000000, 0x00000000e1000000|100%|HC|  |TAMS 0x00000000e1000000, 0x00000000e0f00000| Complete 
|  16|0x00000000e1000000, 0x00000000e1100000, 0x00000000e1100000|100%|HC|  |TAMS 0x00000000e1100000, 0x00000000e1000000| Complete 
|  17|0x00000000e1100000, 0x00000000e1200000, 0x00000000e1200000|100%|HS|  |TAMS 0x00000000e1200000, 0x00000000e1100000| Complete 
|  18|0x00000000e1200000, 0x00000000e1300000, 0x00000000e1300000|100%|HC|  |TAMS 0x00000000e1300000, 0x00000000e1200000| Complete 
|  19|0x00000000e1300000, 0x00000000e1400000, 0x00000000e1400000|100%|HS|  |TAMS 0x00000000e1400000, 0x00000000e1300000| Complete 
|  20|0x00000000e1400000, 0x00000000e1500000, 0x00000000e1500000|100%|HC|  |TAMS 0x00000000e1500000, 0x00000000e1400000| Complete 
|  21|0x00000000e1500000, 0x00000000e1600000, 0x00000000e1600000|100%|HC|  |TAMS 0x00000000e1600000, 0x00000000e1500000| Complete 
|  22|0x00000000e1600000, 0x00000000e1700000, 0x00000000e1700000|100%|HC|  |TAMS 0x00000000e1700000, 0x00000000e1600000| Complete 
|  23|0x00000000e1700000, 0x00000000e1800000, 0x00000000e1800000|100%|HC|  |TAMS 0x00000000e1800000, 0x00000000e1700000| Complete 
|  24|0x00000000e1800000, 0x00000000e1900000, 0x00000000e1900000|100%|HC|  |TAMS 0x00000000e1900000, 0x00000000e1800000| Complete 
|  25|0x00000000e1900000, 0x00000000e1a00000, 0x00000000e1a00000|100%|HC|  |TAMS 0x00000000e1a00000, 0x00000000e1900000| Complete 
|  26|0x00000000e1a00000, 0x00000000e1b00000, 0x00000000e1b00000|100%|HC|  |TAMS 0x00000000e1b00000, 0x00000000e1a00000| Complete 
|  27|0x00000000e1b00000, 0x00000000e1c00000, 0x00000000e1c00000|100%|HC|  |TAMS 0x00000000e1c00000, 0x00000000e1b00000| Complete 
|  28|0x00000000e1c00000, 0x00000000e1d00000, 0x00000000e1d00000|100%|HC|  |TAMS 0x00000000e1d00000, 0x00000000e1c00000| Complete 
|  29|0x00000000e1d00000, 0x00000000e1e00000, 0x00000000e1e00000|100%|HC|  |TAMS 0x00000000e1e00000, 0x00000000e1d00000| Complete 
|  30|0x00000000e1e00000, 0x00000000e1f00000, 0x00000000e1f00000|100%|HS|  |TAMS 0x00000000e1f00000, 0x00000000e1e00000| Complete 
|  31|0x00000000e1f00000, 0x00000000e2000000, 0x00000000e2000000|100%|HC|  |TAMS 0x00000000e2000000, 0x00000000e1f00000| Complete 
|  32|0x00000000e2000000, 0x00000000e2100000, 0x00000000e2100000|100%|HS|  |TAMS 0x00000000e2100000, 0x00000000e2000000| Complete 
|  33|0x00000000e2100000, 0x00000000e2200000, 0x00000000e2200000|100%|HC|  |TAMS 0x00000000e2200000, 0x00000000e2100000| Complete 
|  34|0x00000000e2200000, 0x00000000e2300000, 0x00000000e2300000|100%|HC|  |TAMS 0x00000000e2300000, 0x00000000e2200000| Complete 
|  35|0x00000000e2300000, 0x00000000e2400000, 0x00000000e2400000|100%|HC|  |TAMS 0x00000000e2400000, 0x00000000e2300000| Complete 
|  36|0x00000000e2400000, 0x00000000e2500000, 0x00000000e2500000|100%|HC|  |TAMS 0x00000000e2500000, 0x00000000e2400000| Complete 
|  37|0x00000000e2500000, 0x00000000e2600000, 0x00000000e2600000|100%|HC|  |TAMS 0x00000000e2600000, 0x00000000e2500000| Complete 
|  38|0x00000000e2600000, 0x00000000e2700000, 0x00000000e2700000|100%|HS|  |TAMS 0x00000000e2700000, 0x00000000e2600000| Complete 
|  39|0x00000000e2700000, 0x00000000e2800000, 0x00000000e2800000|100%|HS|  |TAMS 0x00000000e2800000, 0x00000000e2700000| Complete 
|  40|0x00000000e2800000, 0x00000000e2900000, 0x00000000e2900000|100%|HC|  |TAMS 0x00000000e2900000, 0x00000000e2800000| Complete 
|  41|0x00000000e2900000, 0x00000000e2a00000, 0x00000000e2a00000|100%|HC|  |TAMS 0x00000000e2a00000, 0x00000000e2900000| Complete 
|  42|0x00000000e2a00000, 0x00000000e2b00000, 0x00000000e2b00000|100%| O|  |TAMS 0x00000000e2b00000, 0x00000000e2a00000| Untracked 
|  43|0x00000000e2b00000, 0x00000000e2c00000, 0x00000000e2c00000|100%| O|  |TAMS 0x00000000e2c00000, 0x00000000e2b00000| Untracked 
|  44|0x00000000e2c00000, 0x00000000e2d00000, 0x00000000e2d00000|100%| O|  |TAMS 0x00000000e2d00000, 0x00000000e2c00000| Untracked 
|  45|0x00000000e2d00000, 0x00000000e2e00000, 0x00000000e2e00000|100%| O|  |TAMS 0x00000000e2e00000, 0x00000000e2d00000| Untracked 
|  46|0x00000000e2e00000, 0x00000000e2f00000, 0x00000000e2f00000|100%| O|  |TAMS 0x00000000e2f00000, 0x00000000e2e00000| Untracked 
|  47|0x00000000e2f00000, 0x00000000e3000000, 0x00000000e3000000|100%| O|  |TAMS 0x00000000e3000000, 0x00000000e2f00000| Untracked 
|  48|0x00000000e3000000, 0x00000000e3100000, 0x00000000e3100000|100%| O|  |TAMS 0x00000000e3100000, 0x00000000e3000000| Untracked 
|  49|0x00000000e3100000, 0x00000000e3200000, 0x00000000e3200000|100%| O|  |TAMS 0x00000000e3200000, 0x00000000e3100000| Untracked 
|  50|0x00000000e3200000, 0x00000000e3300000, 0x00000000e3300000|100%| O|  |TAMS 0x00000000e3300000, 0x00000000e3200000| Untracked 
|  51|0x00000000e3300000, 0x00000000e3400000, 0x00000000e3400000|100%| O|  |TAMS 0x00000000e3400000, 0x00000000e3300000| Untracked 
|  52|0x00000000e3400000, 0x00000000e3500000, 0x00000000e3500000|100%| O|  |TAMS 0x00000000e3500000, 0x00000000e3400000| Untracked 
|  53|0x00000000e3500000, 0x00000000e3600000, 0x00000000e3600000|100%| O|  |TAMS 0x00000000e3600000, 0x00000000e3500000| Untracked 
|  54|0x00000000e3600000, 0x00000000e3700000, 0x00000000e3700000|100%| O|  |TAMS 0x00000000e3700000, 0x00000000e3600000| Untracked 
|  55|0x00000000e3700000, 0x00000000e3800000, 0x00000000e3800000|100%| O|  |TAMS 0x00000000e3800000, 0x00000000e3700000| Untracked 
|  56|0x00000000e3800000, 0x00000000e3900000, 0x00000000e3900000|100%| O|  |TAMS 0x00000000e3900000, 0x00000000e3800000| Untracked 
|  57|0x00000000e3900000, 0x00000000e3a00000, 0x00000000e3a00000|100%|HS|  |TAMS 0x00000000e3a00000, 0x00000000e3900000| Complete 
|  58|0x00000000e3a00000, 0x00000000e3b00000, 0x00000000e3b00000|100%|HC|  |TAMS 0x00000000e3b00000, 0x00000000e3a00000| Complete 
|  59|0x00000000e3b00000, 0x00000000e3c00000, 0x00000000e3c00000|100%|HS|  |TAMS 0x00000000e3c00000, 0x00000000e3b00000| Complete 
|  60|0x00000000e3c00000, 0x00000000e3d00000, 0x00000000e3d00000|100%|HC|  |TAMS 0x00000000e3d00000, 0x00000000e3c00000| Complete 
|  61|0x00000000e3d00000, 0x00000000e3e00000, 0x00000000e3e00000|100%|HC|  |TAMS 0x00000000e3e00000, 0x00000000e3d00000| Complete 
|  62|0x00000000e3e00000, 0x00000000e3f00000, 0x00000000e3f00000|100%|HS|  |TAMS 0x00000000e3f00000, 0x00000000e3e00000| Complete 
|  63|0x00000000e3f00000, 0x00000000e4000000, 0x00000000e4000000|100%|HC|  |TAMS 0x00000000e4000000, 0x00000000e3f00000| Complete 
|  64|0x00000000e4000000, 0x00000000e4100000, 0x00000000e4100000|100%|HS|  |TAMS 0x00000000e4100000, 0x00000000e4000000| Complete 
|  65|0x00000000e4100000, 0x00000000e4200000, 0x00000000e4200000|100%|HC|  |TAMS 0x00000000e4200000, 0x00000000e4100000| Complete 
|  66|0x00000000e4200000, 0x00000000e4300000, 0x00000000e4300000|100%|HC|  |TAMS 0x00000000e4300000, 0x00000000e4200000| Complete 
|  67|0x00000000e4300000, 0x00000000e4400000, 0x00000000e4400000|100%|HC|  |TAMS 0x00000000e4400000, 0x00000000e4300000| Complete 
|  68|0x00000000e4400000, 0x00000000e4500000, 0x00000000e4500000|100%|HC|  |TAMS 0x00000000e4500000, 0x00000000e4400000| Complete 
|  69|0x00000000e4500000, 0x00000000e4600000, 0x00000000e4600000|100%|HC|  |TAMS 0x00000000e4600000, 0x00000000e4500000| Complete 
|  70|0x00000000e4600000, 0x00000000e4700000, 0x00000000e4700000|100%|HC|  |TAMS 0x00000000e4700000, 0x00000000e4600000| Complete 
|  71|0x00000000e4700000, 0x00000000e4800000, 0x00000000e4800000|100%|HC|  |TAMS 0x00000000e4800000, 0x00000000e4700000| Complete 
|  72|0x00000000e4800000, 0x00000000e4900000, 0x00000000e4900000|100%|HC|  |TAMS 0x00000000e4900000, 0x00000000e4800000| Complete 
|  73|0x00000000e4900000, 0x00000000e4a00000, 0x00000000e4a00000|100%|HC|  |TAMS 0x00000000e4a00000, 0x00000000e4900000| Complete 
|  74|0x00000000e4a00000, 0x00000000e4b00000, 0x00000000e4b00000|100%|HC|  |TAMS 0x00000000e4b00000, 0x00000000e4a00000| Complete 
|  75|0x00000000e4b00000, 0x00000000e4c00000, 0x00000000e4c00000|100%|HS|  |TAMS 0x00000000e4c00000, 0x00000000e4b00000| Complete 
|  76|0x00000000e4c00000, 0x00000000e4d00000, 0x00000000e4d00000|100%|HC|  |TAMS 0x00000000e4d00000, 0x00000000e4c00000| Complete 
|  77|0x00000000e4d00000, 0x00000000e4e00000, 0x00000000e4e00000|100%|HS|  |TAMS 0x00000000e4e00000, 0x00000000e4d00000| Complete 
|  78|0x00000000e4e00000, 0x00000000e4f00000, 0x00000000e4f00000|100%|HC|  |TAMS 0x00000000e4f00000, 0x00000000e4e00000| Complete 
|  79|0x00000000e4f00000, 0x00000000e5000000, 0x00000000e5000000|100%|HC|  |TAMS 0x00000000e5000000, 0x00000000e4f00000| Complete 
|  80|0x00000000e5000000, 0x00000000e5100000, 0x00000000e5100000|100%|HC|  |TAMS 0x00000000e5100000, 0x00000000e5000000| Complete 
|  81|0x00000000e5100000, 0x00000000e5200000, 0x00000000e5200000|100%|HC|  |TAMS 0x00000000e5200000, 0x00000000e5100000| Complete 
|  82|0x00000000e5200000, 0x00000000e5300000, 0x00000000e5300000|100%|HC|  |TAMS 0x00000000e5300000, 0x00000000e5200000| Complete 
|  83|0x00000000e5300000, 0x00000000e5400000, 0x00000000e5400000|100%| O|  |TAMS 0x00000000e5400000, 0x00000000e5300000| Untracked 
|  84|0x00000000e5400000, 0x00000000e5500000, 0x00000000e5500000|100%| O|  |TAMS 0x00000000e5500000, 0x00000000e5400000| Untracked 
|  85|0x00000000e5500000, 0x00000000e5600000, 0x00000000e5600000|100%| O|  |TAMS 0x00000000e5600000, 0x00000000e5500000| Untracked 
|  86|0x00000000e5600000, 0x00000000e5700000, 0x00000000e5700000|100%| O|  |TAMS 0x00000000e5700000, 0x00000000e5600000| Untracked 
|  87|0x00000000e5700000, 0x00000000e5800000, 0x00000000e5800000|100%| O|  |TAMS 0x00000000e5800000, 0x00000000e5700000| Untracked 
|  88|0x00000000e5800000, 0x00000000e5900000, 0x00000000e5900000|100%| O|  |TAMS 0x00000000e5900000, 0x00000000e5800000| Untracked 
|  89|0x00000000e5900000, 0x00000000e5a00000, 0x00000000e5a00000|100%| O|  |TAMS 0x00000000e5a00000, 0x00000000e5900000| Untracked 
|  90|0x00000000e5a00000, 0x00000000e5b00000, 0x00000000e5b00000|100%| O|  |TAMS 0x00000000e5b00000, 0x00000000e5a00000| Untracked 
|  91|0x00000000e5b00000, 0x00000000e5c00000, 0x00000000e5c00000|100%| O|  |TAMS 0x00000000e5c00000, 0x00000000e5b00000| Untracked 
|  92|0x00000000e5c00000, 0x00000000e5d00000, 0x00000000e5d00000|100%| O|  |TAMS 0x00000000e5d00000, 0x00000000e5c00000| Untracked 
|  93|0x00000000e5d00000, 0x00000000e5e00000, 0x00000000e5e00000|100%| O|  |TAMS 0x00000000e5e00000, 0x00000000e5d00000| Untracked 
|  94|0x00000000e5e00000, 0x00000000e5f00000, 0x00000000e5f00000|100%| O|  |TAMS 0x00000000e5f00000, 0x00000000e5e00000| Untracked 
|  95|0x00000000e5f00000, 0x00000000e6000000, 0x00000000e6000000|100%| O|  |TAMS 0x00000000e6000000, 0x00000000e5f00000| Untracked 
|  96|0x00000000e6000000, 0x00000000e6100000, 0x00000000e6100000|100%| O|  |TAMS 0x00000000e6100000, 0x00000000e6000000| Untracked 
|  97|0x00000000e6100000, 0x00000000e6200000, 0x00000000e6200000|100%| O|  |TAMS 0x00000000e6200000, 0x00000000e6100000| Untracked 
|  98|0x00000000e6200000, 0x00000000e6300000, 0x00000000e6300000|100%| O|  |TAMS 0x00000000e6300000, 0x00000000e6200000| Untracked 
|  99|0x00000000e6300000, 0x00000000e6400000, 0x00000000e6400000|100%| O|  |TAMS 0x00000000e6400000, 0x00000000e6300000| Untracked 
| 100|0x00000000e6400000, 0x00000000e6500000, 0x00000000e6500000|100%|HS|  |TAMS 0x00000000e6400000, 0x00000000e6400000| Complete 
| 101|0x00000000e6500000, 0x00000000e6600000, 0x00000000e6600000|100%|HS|  |TAMS 0x00000000e6500000, 0x00000000e6500000| Complete 
| 102|0x00000000e6600000, 0x00000000e6700000, 0x00000000e6700000|100%| O|  |TAMS 0x00000000e6700000, 0x00000000e6600000| Untracked 
| 103|0x00000000e6700000, 0x00000000e6800000, 0x00000000e6800000|100%| O|  |TAMS 0x00000000e6800000, 0x00000000e6700000| Untracked 
| 104|0x00000000e6800000, 0x00000000e6900000, 0x00000000e6900000|100%| O|  |TAMS 0x00000000e6900000, 0x00000000e6800000| Untracked 
| 105|0x00000000e6900000, 0x00000000e6a00000, 0x00000000e6a00000|100%| O|  |TAMS 0x00000000e6a00000, 0x00000000e6900000| Untracked 
| 106|0x00000000e6a00000, 0x00000000e6b00000, 0x00000000e6b00000|100%| O|  |TAMS 0x00000000e6b00000, 0x00000000e6a00000| Untracked 
| 107|0x00000000e6b00000, 0x00000000e6c00000, 0x00000000e6c00000|100%| O|  |TAMS 0x00000000e6c00000, 0x00000000e6b00000| Untracked 
| 108|0x00000000e6c00000, 0x00000000e6d00000, 0x00000000e6d00000|100%| O|  |TAMS 0x00000000e6d00000, 0x00000000e6c00000| Untracked 
| 109|0x00000000e6d00000, 0x00000000e6e00000, 0x00000000e6e00000|100%| O|  |TAMS 0x00000000e6e00000, 0x00000000e6d00000| Untracked 
| 110|0x00000000e6e00000, 0x00000000e6f00000, 0x00000000e6f00000|100%| O|  |TAMS 0x00000000e6f00000, 0x00000000e6e00000| Untracked 
| 111|0x00000000e6f00000, 0x00000000e7000000, 0x00000000e7000000|100%| O|  |TAMS 0x00000000e7000000, 0x00000000e6f00000| Untracked 
| 112|0x00000000e7000000, 0x00000000e7100000, 0x00000000e7100000|100%| O|  |TAMS 0x00000000e7100000, 0x00000000e7000000| Untracked 
| 113|0x00000000e7100000, 0x00000000e7200000, 0x00000000e7200000|100%| O|  |TAMS 0x00000000e7200000, 0x00000000e7100000| Untracked 
| 114|0x00000000e7200000, 0x00000000e7300000, 0x00000000e7300000|100%| O|  |TAMS 0x00000000e7300000, 0x00000000e7200000| Untracked 
| 115|0x00000000e7300000, 0x00000000e7400000, 0x00000000e7400000|100%| O|  |TAMS 0x00000000e7400000, 0x00000000e7300000| Untracked 
| 116|0x00000000e7400000, 0x00000000e7500000, 0x00000000e7500000|100%| O|  |TAMS 0x00000000e7500000, 0x00000000e7400000| Untracked 
| 117|0x00000000e7500000, 0x00000000e7600000, 0x00000000e7600000|100%| O|  |TAMS 0x00000000e7600000, 0x00000000e7500000| Untracked 
| 118|0x00000000e7600000, 0x00000000e7700000, 0x00000000e7700000|100%| O|  |TAMS 0x00000000e7700000, 0x00000000e7600000| Complete 
| 119|0x00000000e7700000, 0x00000000e779de00, 0x00000000e7800000| 61%| O|  |TAMS 0x00000000e779de00, 0x00000000e7700000| Untracked 
| 120|0x00000000e7800000, 0x00000000e7900000, 0x00000000e7900000|100%|HS|  |TAMS 0x00000000e7800000, 0x00000000e7800000| Complete 
| 121|0x00000000e7900000, 0x00000000e7900000, 0x00000000e7a00000|  0%| F|  |TAMS 0x00000000e7900000, 0x00000000e7900000| Untracked 
| 122|0x00000000e7a00000, 0x00000000e7a00000, 0x00000000e7b00000|  0%| F|  |TAMS 0x00000000e7a00000, 0x00000000e7a00000| Untracked 
| 123|0x00000000e7b00000, 0x00000000e7b00000, 0x00000000e7c00000|  0%| F|  |TAMS 0x00000000e7b00000, 0x00000000e7b00000| Untracked 
| 124|0x00000000e7c00000, 0x00000000e7c00000, 0x00000000e7d00000|  0%| F|  |TAMS 0x00000000e7c00000, 0x00000000e7c00000| Untracked 
| 125|0x00000000e7d00000, 0x00000000e7d00000, 0x00000000e7e00000|  0%| F|  |TAMS 0x00000000e7d00000, 0x00000000e7d00000| Untracked 
| 126|0x00000000e7e00000, 0x00000000e7e00000, 0x00000000e7f00000|  0%| F|  |TAMS 0x00000000e7e00000, 0x00000000e7e00000| Untracked 
| 127|0x00000000e7f00000, 0x00000000e7f00000, 0x00000000e8000000|  0%| F|  |TAMS 0x00000000e7f00000, 0x00000000e7f00000| Untracked 
| 128|0x00000000e8000000, 0x00000000e8000000, 0x00000000e8100000|  0%| F|  |TAMS 0x00000000e8000000, 0x00000000e8000000| Untracked 
| 129|0x00000000e8100000, 0x00000000e8100000, 0x00000000e8200000|  0%| F|  |TAMS 0x00000000e8100000, 0x00000000e8100000| Untracked 
| 130|0x00000000e8200000, 0x00000000e8200000, 0x00000000e8300000|  0%| F|  |TAMS 0x00000000e8200000, 0x00000000e8200000| Untracked 
| 131|0x00000000e8300000, 0x00000000e8300000, 0x00000000e8400000|  0%| F|  |TAMS 0x00000000e8300000, 0x00000000e8300000| Untracked 
| 132|0x00000000e8400000, 0x00000000e8400000, 0x00000000e8500000|  0%| F|  |TAMS 0x00000000e8400000, 0x00000000e8400000| Untracked 
| 133|0x00000000e8500000, 0x00000000e8500000, 0x00000000e8600000|  0%| F|  |TAMS 0x00000000e8500000, 0x00000000e8500000| Untracked 
| 134|0x00000000e8600000, 0x00000000e8600000, 0x00000000e8700000|  0%| F|  |TAMS 0x00000000e8600000, 0x00000000e8600000| Untracked 
| 135|0x00000000e8700000, 0x00000000e8700000, 0x00000000e8800000|  0%| F|  |TAMS 0x00000000e8700000, 0x00000000e8700000| Untracked 
| 136|0x00000000e8800000, 0x00000000e8800000, 0x00000000e8900000|  0%| F|  |TAMS 0x00000000e8800000, 0x00000000e8800000| Untracked 
| 137|0x00000000e8900000, 0x00000000e8900000, 0x00000000e8a00000|  0%| F|  |TAMS 0x00000000e8900000, 0x00000000e8900000| Untracked 
| 138|0x00000000e8a00000, 0x00000000e8a00000, 0x00000000e8b00000|  0%| F|  |TAMS 0x00000000e8a00000, 0x00000000e8a00000| Untracked 
| 139|0x00000000e8b00000, 0x00000000e8b00000, 0x00000000e8c00000|  0%| F|  |TAMS 0x00000000e8b00000, 0x00000000e8b00000| Untracked 
| 140|0x00000000e8c00000, 0x00000000e8c00000, 0x00000000e8d00000|  0%| F|  |TAMS 0x00000000e8c00000, 0x00000000e8c00000| Untracked 
| 141|0x00000000e8d00000, 0x00000000e8d00000, 0x00000000e8e00000|  0%| F|  |TAMS 0x00000000e8d00000, 0x00000000e8d00000| Untracked 
| 142|0x00000000e8e00000, 0x00000000e8e00000, 0x00000000e8f00000|  0%| F|  |TAMS 0x00000000e8e00000, 0x00000000e8e00000| Untracked 
| 143|0x00000000e8f00000, 0x00000000e8f00000, 0x00000000e9000000|  0%| F|  |TAMS 0x00000000e8f00000, 0x00000000e8f00000| Untracked 
| 144|0x00000000e9000000, 0x00000000e9000000, 0x00000000e9100000|  0%| F|  |TAMS 0x00000000e9000000, 0x00000000e9000000| Untracked 
| 145|0x00000000e9100000, 0x00000000e9100000, 0x00000000e9200000|  0%| F|  |TAMS 0x00000000e9100000, 0x00000000e9100000| Untracked 
| 146|0x00000000e9200000, 0x00000000e9200000, 0x00000000e9300000|  0%| F|  |TAMS 0x00000000e9200000, 0x00000000e9200000| Untracked 
| 147|0x00000000e9300000, 0x00000000e9300000, 0x00000000e9400000|  0%| F|  |TAMS 0x00000000e9300000, 0x00000000e9300000| Untracked 
| 148|0x00000000e9400000, 0x00000000e9400000, 0x00000000e9500000|  0%| F|  |TAMS 0x00000000e9400000, 0x00000000e9400000| Untracked 
| 149|0x00000000e9500000, 0x00000000e9500000, 0x00000000e9600000|  0%| F|  |TAMS 0x00000000e9500000, 0x00000000e9500000| Untracked 
| 150|0x00000000e9600000, 0x00000000e9600000, 0x00000000e9700000|  0%| F|  |TAMS 0x00000000e9600000, 0x00000000e9600000| Untracked 
| 151|0x00000000e9700000, 0x00000000e9700000, 0x00000000e9800000|  0%| F|  |TAMS 0x00000000e9700000, 0x00000000e9700000| Untracked 
| 152|0x00000000e9800000, 0x00000000e9800000, 0x00000000e9900000|  0%| F|  |TAMS 0x00000000e9800000, 0x00000000e9800000| Untracked 
| 153|0x00000000e9900000, 0x00000000e99859e0, 0x00000000e9a00000| 52%| S|CS|TAMS 0x00000000e9900000, 0x00000000e9900000| Complete 
| 154|0x00000000e9a00000, 0x00000000e9b00000, 0x00000000e9b00000|100%| S|CS|TAMS 0x00000000e9a00000, 0x00000000e9a00000| Complete 
| 155|0x00000000e9b00000, 0x00000000e9c00000, 0x00000000e9c00000|100%| S|CS|TAMS 0x00000000e9b00000, 0x00000000e9b00000| Complete 
| 156|0x00000000e9c00000, 0x00000000e9d00000, 0x00000000e9d00000|100%| S|CS|TAMS 0x00000000e9c00000, 0x00000000e9c00000| Complete 
| 157|0x00000000e9d00000, 0x00000000e9e00000, 0x00000000e9e00000|100%| S|CS|TAMS 0x00000000e9d00000, 0x00000000e9d00000| Complete 
| 158|0x00000000e9e00000, 0x00000000e9f00000, 0x00000000e9f00000|100%| S|CS|TAMS 0x00000000e9e00000, 0x00000000e9e00000| Complete 
| 159|0x00000000e9f00000, 0x00000000ea000000, 0x00000000ea000000|100%| S|CS|TAMS 0x00000000e9f00000, 0x00000000e9f00000| Complete 
| 160|0x00000000ea000000, 0x00000000ea100000, 0x00000000ea100000|100%| S|CS|TAMS 0x00000000ea000000, 0x00000000ea000000| Complete 
| 161|0x00000000ea100000, 0x00000000ea200000, 0x00000000ea200000|100%| S|CS|TAMS 0x00000000ea100000, 0x00000000ea100000| Complete 
| 162|0x00000000ea200000, 0x00000000ea300000, 0x00000000ea300000|100%| S|CS|TAMS 0x00000000ea200000, 0x00000000ea200000| Complete 
| 163|0x00000000ea300000, 0x00000000ea400000, 0x00000000ea400000|100%| S|CS|TAMS 0x00000000ea300000, 0x00000000ea300000| Complete 
| 164|0x00000000ea400000, 0x00000000ea400000, 0x00000000ea500000|  0%| F|  |TAMS 0x00000000ea400000, 0x00000000ea400000| Untracked 
| 165|0x00000000ea500000, 0x00000000ea500000, 0x00000000ea600000|  0%| F|  |TAMS 0x00000000ea500000, 0x00000000ea500000| Untracked 
| 166|0x00000000ea600000, 0x00000000ea600000, 0x00000000ea700000|  0%| F|  |TAMS 0x00000000ea600000, 0x00000000ea600000| Untracked 
| 167|0x00000000ea700000, 0x00000000ea700000, 0x00000000ea800000|  0%| F|  |TAMS 0x00000000ea700000, 0x00000000ea700000| Untracked 
| 168|0x00000000ea800000, 0x00000000ea800000, 0x00000000ea900000|  0%| F|  |TAMS 0x00000000ea800000, 0x00000000ea800000| Untracked 
| 169|0x00000000ea900000, 0x00000000ea900000, 0x00000000eaa00000|  0%| F|  |TAMS 0x00000000ea900000, 0x00000000ea900000| Untracked 
| 170|0x00000000eaa00000, 0x00000000eab00000, 0x00000000eab00000|100%| S|CS|TAMS 0x00000000eaa00000, 0x00000000eaa00000| Complete 
| 171|0x00000000eab00000, 0x00000000eab00000, 0x00000000eac00000|  0%| F|  |TAMS 0x00000000eab00000, 0x00000000eab00000| Untracked 
| 172|0x00000000eac00000, 0x00000000eac00000, 0x00000000ead00000|  0%| F|  |TAMS 0x00000000eac00000, 0x00000000eac00000| Untracked 
| 173|0x00000000ead00000, 0x00000000ead00000, 0x00000000eae00000|  0%| F|  |TAMS 0x00000000ead00000, 0x00000000ead00000| Untracked 
| 174|0x00000000eae00000, 0x00000000eae00000, 0x00000000eaf00000|  0%| F|  |TAMS 0x00000000eae00000, 0x00000000eae00000| Untracked 
| 175|0x00000000eaf00000, 0x00000000eaf00000, 0x00000000eb000000|  0%| F|  |TAMS 0x00000000eaf00000, 0x00000000eaf00000| Untracked 
| 176|0x00000000eb000000, 0x00000000eb055bd0, 0x00000000eb100000| 33%| E|  |TAMS 0x00000000eb000000, 0x00000000eb000000| Complete 
| 177|0x00000000eb100000, 0x00000000eb200000, 0x00000000eb200000|100%| E|  |TAMS 0x00000000eb100000, 0x00000000eb100000| Complete 
| 178|0x00000000eb200000, 0x00000000eb300000, 0x00000000eb300000|100%| E|CS|TAMS 0x00000000eb200000, 0x00000000eb200000| Complete 
| 179|0x00000000eb300000, 0x00000000eb400000, 0x00000000eb400000|100%| E|CS|TAMS 0x00000000eb300000, 0x00000000eb300000| Complete 
| 180|0x00000000eb400000, 0x00000000eb500000, 0x00000000eb500000|100%| E|CS|TAMS 0x00000000eb400000, 0x00000000eb400000| Complete 
| 181|0x00000000eb500000, 0x00000000eb600000, 0x00000000eb600000|100%| E|CS|TAMS 0x00000000eb500000, 0x00000000eb500000| Complete 
| 182|0x00000000eb600000, 0x00000000eb700000, 0x00000000eb700000|100%| E|CS|TAMS 0x00000000eb600000, 0x00000000eb600000| Complete 
| 183|0x00000000eb700000, 0x00000000eb800000, 0x00000000eb800000|100%| E|CS|TAMS 0x00000000eb700000, 0x00000000eb700000| Complete 
| 184|0x00000000eb800000, 0x00000000eb900000, 0x00000000eb900000|100%| E|CS|TAMS 0x00000000eb800000, 0x00000000eb800000| Complete 
| 185|0x00000000eb900000, 0x00000000eba00000, 0x00000000eba00000|100%| E|CS|TAMS 0x00000000eb900000, 0x00000000eb900000| Complete 
| 186|0x00000000eba00000, 0x00000000ebb00000, 0x00000000ebb00000|100%| E|CS|TAMS 0x00000000eba00000, 0x00000000eba00000| Complete 
| 187|0x00000000ebb00000, 0x00000000ebc00000, 0x00000000ebc00000|100%| E|CS|TAMS 0x00000000ebb00000, 0x00000000ebb00000| Complete 
| 188|0x00000000ebc00000, 0x00000000ebd00000, 0x00000000ebd00000|100%| E|CS|TAMS 0x00000000ebc00000, 0x00000000ebc00000| Complete 
| 189|0x00000000ebd00000, 0x00000000ebe00000, 0x00000000ebe00000|100%| E|CS|TAMS 0x00000000ebd00000, 0x00000000ebd00000| Complete 
| 190|0x00000000ebe00000, 0x00000000ebf00000, 0x00000000ebf00000|100%| E|CS|TAMS 0x00000000ebe00000, 0x00000000ebe00000| Complete 
| 191|0x00000000ebf00000, 0x00000000ec000000, 0x00000000ec000000|100%| E|CS|TAMS 0x00000000ebf00000, 0x00000000ebf00000| Complete 
| 192|0x00000000ec000000, 0x00000000ec100000, 0x00000000ec100000|100%| E|CS|TAMS 0x00000000ec000000, 0x00000000ec000000| Complete 
| 193|0x00000000ec100000, 0x00000000ec200000, 0x00000000ec200000|100%| E|CS|TAMS 0x00000000ec100000, 0x00000000ec100000| Complete 
| 194|0x00000000ec200000, 0x00000000ec300000, 0x00000000ec300000|100%| E|CS|TAMS 0x00000000ec200000, 0x00000000ec200000| Complete 
| 195|0x00000000ec300000, 0x00000000ec400000, 0x00000000ec400000|100%| E|CS|TAMS 0x00000000ec300000, 0x00000000ec300000| Complete 
| 196|0x00000000ec400000, 0x00000000ec500000, 0x00000000ec500000|100%| E|CS|TAMS 0x00000000ec400000, 0x00000000ec400000| Complete 
| 197|0x00000000ec500000, 0x00000000ec600000, 0x00000000ec600000|100%| E|CS|TAMS 0x00000000ec500000, 0x00000000ec500000| Complete 
| 198|0x00000000ec600000, 0x00000000ec700000, 0x00000000ec700000|100%| E|CS|TAMS 0x00000000ec600000, 0x00000000ec600000| Complete 
| 199|0x00000000ec700000, 0x00000000ec800000, 0x00000000ec800000|100%| E|CS|TAMS 0x00000000ec700000, 0x00000000ec700000| Complete 
| 200|0x00000000ec800000, 0x00000000ec900000, 0x00000000ec900000|100%| E|CS|TAMS 0x00000000ec800000, 0x00000000ec800000| Complete 
| 201|0x00000000ec900000, 0x00000000eca00000, 0x00000000eca00000|100%| E|CS|TAMS 0x00000000ec900000, 0x00000000ec900000| Complete 
| 202|0x00000000eca00000, 0x00000000ecb00000, 0x00000000ecb00000|100%| E|CS|TAMS 0x00000000eca00000, 0x00000000eca00000| Complete 
| 203|0x00000000ecb00000, 0x00000000ecc00000, 0x00000000ecc00000|100%| E|CS|TAMS 0x00000000ecb00000, 0x00000000ecb00000| Complete 
| 204|0x00000000ecc00000, 0x00000000ecd00000, 0x00000000ecd00000|100%| E|CS|TAMS 0x00000000ecc00000, 0x00000000ecc00000| Complete 
| 205|0x00000000ecd00000, 0x00000000ece00000, 0x00000000ece00000|100%| E|CS|TAMS 0x00000000ecd00000, 0x00000000ecd00000| Complete 
| 206|0x00000000ece00000, 0x00000000ecf00000, 0x00000000ecf00000|100%| E|CS|TAMS 0x00000000ece00000, 0x00000000ece00000| Complete 
| 207|0x00000000ecf00000, 0x00000000ed000000, 0x00000000ed000000|100%| E|CS|TAMS 0x00000000ecf00000, 0x00000000ecf00000| Complete 
| 208|0x00000000ed000000, 0x00000000ed100000, 0x00000000ed100000|100%| E|CS|TAMS 0x00000000ed000000, 0x00000000ed000000| Complete 
| 209|0x00000000ed100000, 0x00000000ed200000, 0x00000000ed200000|100%| E|CS|TAMS 0x00000000ed100000, 0x00000000ed100000| Complete 
| 210|0x00000000ed200000, 0x00000000ed300000, 0x00000000ed300000|100%| E|CS|TAMS 0x00000000ed200000, 0x00000000ed200000| Complete 
| 211|0x00000000ed300000, 0x00000000ed400000, 0x00000000ed400000|100%| E|CS|TAMS 0x00000000ed300000, 0x00000000ed300000| Complete 
| 212|0x00000000ed400000, 0x00000000ed500000, 0x00000000ed500000|100%| E|CS|TAMS 0x00000000ed400000, 0x00000000ed400000| Complete 
| 213|0x00000000ed500000, 0x00000000ed600000, 0x00000000ed600000|100%| E|CS|TAMS 0x00000000ed500000, 0x00000000ed500000| Complete 
| 214|0x00000000ed600000, 0x00000000ed700000, 0x00000000ed700000|100%| E|CS|TAMS 0x00000000ed600000, 0x00000000ed600000| Complete 
| 215|0x00000000ed700000, 0x00000000ed800000, 0x00000000ed800000|100%| E|CS|TAMS 0x00000000ed700000, 0x00000000ed700000| Complete 
| 216|0x00000000ed800000, 0x00000000ed900000, 0x00000000ed900000|100%| E|CS|TAMS 0x00000000ed800000, 0x00000000ed800000| Complete 
| 217|0x00000000ed900000, 0x00000000eda00000, 0x00000000eda00000|100%| E|CS|TAMS 0x00000000ed900000, 0x00000000ed900000| Complete 
| 218|0x00000000eda00000, 0x00000000edb00000, 0x00000000edb00000|100%| E|CS|TAMS 0x00000000eda00000, 0x00000000eda00000| Complete 
| 219|0x00000000edb00000, 0x00000000edc00000, 0x00000000edc00000|100%| E|CS|TAMS 0x00000000edb00000, 0x00000000edb00000| Complete 
| 220|0x00000000edc00000, 0x00000000edd00000, 0x00000000edd00000|100%| E|CS|TAMS 0x00000000edc00000, 0x00000000edc00000| Complete 
| 221|0x00000000edd00000, 0x00000000ede00000, 0x00000000ede00000|100%| E|CS|TAMS 0x00000000edd00000, 0x00000000edd00000| Complete 
| 222|0x00000000ede00000, 0x00000000edf00000, 0x00000000edf00000|100%| E|CS|TAMS 0x00000000ede00000, 0x00000000ede00000| Complete 
| 223|0x00000000edf00000, 0x00000000ee000000, 0x00000000ee000000|100%| E|CS|TAMS 0x00000000edf00000, 0x00000000edf00000| Complete 
| 224|0x00000000ee000000, 0x00000000ee100000, 0x00000000ee100000|100%| E|CS|TAMS 0x00000000ee000000, 0x00000000ee000000| Complete 
| 225|0x00000000ee100000, 0x00000000ee200000, 0x00000000ee200000|100%| E|CS|TAMS 0x00000000ee100000, 0x00000000ee100000| Complete 
| 226|0x00000000ee200000, 0x00000000ee300000, 0x00000000ee300000|100%| E|CS|TAMS 0x00000000ee200000, 0x00000000ee200000| Complete 
| 227|0x00000000ee300000, 0x00000000ee400000, 0x00000000ee400000|100%| E|CS|TAMS 0x00000000ee300000, 0x00000000ee300000| Complete 
| 228|0x00000000ee400000, 0x00000000ee500000, 0x00000000ee500000|100%| E|CS|TAMS 0x00000000ee400000, 0x00000000ee400000| Complete 
| 229|0x00000000ee500000, 0x00000000ee600000, 0x00000000ee600000|100%| E|CS|TAMS 0x00000000ee500000, 0x00000000ee500000| Complete 
| 230|0x00000000ee600000, 0x00000000ee700000, 0x00000000ee700000|100%| E|CS|TAMS 0x00000000ee600000, 0x00000000ee600000| Complete 
| 231|0x00000000ee700000, 0x00000000ee800000, 0x00000000ee800000|100%| E|CS|TAMS 0x00000000ee700000, 0x00000000ee700000| Complete 
| 232|0x00000000ee800000, 0x00000000ee900000, 0x00000000ee900000|100%| E|CS|TAMS 0x00000000ee800000, 0x00000000ee800000| Complete 
| 233|0x00000000ee900000, 0x00000000eea00000, 0x00000000eea00000|100%| E|CS|TAMS 0x00000000ee900000, 0x00000000ee900000| Complete 
| 234|0x00000000eea00000, 0x00000000eeb00000, 0x00000000eeb00000|100%| E|CS|TAMS 0x00000000eea00000, 0x00000000eea00000| Complete 
| 235|0x00000000eeb00000, 0x00000000eec00000, 0x00000000eec00000|100%| E|CS|TAMS 0x00000000eeb00000, 0x00000000eeb00000| Complete 
| 236|0x00000000eec00000, 0x00000000eed00000, 0x00000000eed00000|100%| E|CS|TAMS 0x00000000eec00000, 0x00000000eec00000| Complete 
| 237|0x00000000eed00000, 0x00000000eee00000, 0x00000000eee00000|100%| E|CS|TAMS 0x00000000eed00000, 0x00000000eed00000| Complete 
| 238|0x00000000eee00000, 0x00000000eef00000, 0x00000000eef00000|100%| E|CS|TAMS 0x00000000eee00000, 0x00000000eee00000| Complete 
| 239|0x00000000eef00000, 0x00000000ef000000, 0x00000000ef000000|100%| E|CS|TAMS 0x00000000eef00000, 0x00000000eef00000| Complete 
| 240|0x00000000ef000000, 0x00000000ef100000, 0x00000000ef100000|100%| E|CS|TAMS 0x00000000ef000000, 0x00000000ef000000| Complete 
| 241|0x00000000ef100000, 0x00000000ef200000, 0x00000000ef200000|100%| E|CS|TAMS 0x00000000ef100000, 0x00000000ef100000| Complete 
| 242|0x00000000ef200000, 0x00000000ef300000, 0x00000000ef300000|100%| E|CS|TAMS 0x00000000ef200000, 0x00000000ef200000| Complete 
| 243|0x00000000ef300000, 0x00000000ef400000, 0x00000000ef400000|100%| E|CS|TAMS 0x00000000ef300000, 0x00000000ef300000| Complete 
| 244|0x00000000ef400000, 0x00000000ef500000, 0x00000000ef500000|100%| E|CS|TAMS 0x00000000ef400000, 0x00000000ef400000| Complete 
| 245|0x00000000ef500000, 0x00000000ef600000, 0x00000000ef600000|100%| E|CS|TAMS 0x00000000ef500000, 0x00000000ef500000| Complete 
| 246|0x00000000ef600000, 0x00000000ef700000, 0x00000000ef700000|100%| E|CS|TAMS 0x00000000ef600000, 0x00000000ef600000| Complete 
| 247|0x00000000ef700000, 0x00000000ef800000, 0x00000000ef800000|100%| E|CS|TAMS 0x00000000ef700000, 0x00000000ef700000| Complete 
| 248|0x00000000ef800000, 0x00000000ef900000, 0x00000000ef900000|100%| E|CS|TAMS 0x00000000ef800000, 0x00000000ef800000| Complete 
| 249|0x00000000ef900000, 0x00000000efa00000, 0x00000000efa00000|100%| E|CS|TAMS 0x00000000ef900000, 0x00000000ef900000| Complete 
| 250|0x00000000efa00000, 0x00000000efb00000, 0x00000000efb00000|100%| E|CS|TAMS 0x00000000efa00000, 0x00000000efa00000| Complete 
| 251|0x00000000efb00000, 0x00000000efc00000, 0x00000000efc00000|100%| E|CS|TAMS 0x00000000efb00000, 0x00000000efb00000| Complete 
| 252|0x00000000efc00000, 0x00000000efd00000, 0x00000000efd00000|100%| E|CS|TAMS 0x00000000efc00000, 0x00000000efc00000| Complete 
| 253|0x00000000efd00000, 0x00000000efe00000, 0x00000000efe00000|100%| E|CS|TAMS 0x00000000efd00000, 0x00000000efd00000| Complete 
| 254|0x00000000efe00000, 0x00000000eff00000, 0x00000000eff00000|100%| E|CS|TAMS 0x00000000efe00000, 0x00000000efe00000| Complete 
| 255|0x00000000eff00000, 0x00000000f0000000, 0x00000000f0000000|100%| E|CS|TAMS 0x00000000eff00000, 0x00000000eff00000| Complete 

Card table byte_map: [0x000001bfa9370000,0x000001bfa9470000] _byte_map_base: 0x000001bfa8c70000

Marking Bits (Prev, Next): (CMBitMap*) 0x000001bf92704840, (CMBitMap*) 0x000001bf92704880
 Prev Bits: [0x000001bfa9570000, 0x000001bfa9d70000)
 Next Bits: [0x000001bfa9d70000, 0x000001bfaa570000)

Polling page: 0x000001bf905e0000

Metaspace:

Usage:
  Non-class:     70.49 MB used.
      Class:     11.18 MB used.
       Both:     81.68 MB used.

Virtual space:
  Non-class space:       72.00 MB reserved,      70.94 MB ( 99%) committed,  9 nodes.
      Class space:      308.00 MB reserved,      11.56 MB (  4%) committed,  1 nodes.
             Both:      380.00 MB reserved,      82.50 MB ( 22%) committed. 

Chunk freelists:
   Non-Class:  656.00 KB
       Class:  256.00 KB
        Both:  912.00 KB

MaxMetaspaceSize: 384.00 MB
CompressedClassSpaceSize: 308.00 MB
Initial GC threshold: 21.00 MB
Current GC threshold: 127.31 MB
CDS: on
MetaspaceReclaimPolicy: balanced
 - commit_granule_bytes: 65536.
 - commit_granule_words: 8192.
 - virtual_space_node_default_size: 1048576.
 - enlarge_chunks_in_place: 1.
 - new_chunks_are_fully_committed: 0.
 - uncommit_free_chunks: 1.
 - use_allocation_guard: 0.
 - handle_deallocations: 1.


Internal statistics:

num_allocs_failed_limit: 9.
num_arena_births: 1126.
num_arena_deaths: 4.
num_vsnodes_births: 10.
num_vsnodes_deaths: 0.
num_space_committed: 1320.
num_space_uncommitted: 0.
num_chunks_returned_to_freelist: 19.
num_chunks_taken_from_freelist: 4579.
num_chunk_merges: 10.
num_chunk_splits: 2861.
num_chunks_enlarged: 1739.
num_purges: 2.
num_inconsistent_stats: 0.

CodeHeap 'non-profiled nmethods': size=120000Kb used=5091Kb max_used=5531Kb free=114909Kb
 bounds [0x000001bfa1a00000, 0x000001bfa1f70000, 0x000001bfa8f30000]
CodeHeap 'profiled nmethods': size=120000Kb used=19923Kb max_used=21779Kb free=100077Kb
 bounds [0x000001bf9a4d0000, 0x000001bf9ba20000, 0x000001bfa1a00000]
CodeHeap 'non-nmethods': size=5760Kb used=2429Kb max_used=2496Kb free=3330Kb
 bounds [0x000001bf99f30000, 0x000001bf9a1d0000, 0x000001bf9a4d0000]
 total_blobs=11378 nmethods=10408 adapters=882
 compilation: enabled
              stopped_count=0, restarted_count=0
 full_count=0

Compilation events (20 events):
Event: 142.808 Thread 0x000001bfacf9ac40 nmethod 12131 0x000001bf9a7f3210 code [0x000001bf9a7f3460, 0x000001bf9a7f3d48]
Event: 142.808 Thread 0x000001bfacf9ac40 12132       3       com.google.common.collect.ImmutableMap$Builder::build (166 bytes)
Event: 142.810 Thread 0x000001bfacf9ac40 nmethod 12132 0x000001bf9b244310 code [0x000001bf9b2446a0, 0x000001bf9b246198]
Event: 142.810 Thread 0x000001bfacf9ac40 12133       3       com.google.common.collect.ImmutableMap$Builder::buildOrThrow (6 bytes)
Event: 142.811 Thread 0x000001bfacf9ac40 nmethod 12133 0x000001bf9a891990 code [0x000001bf9a891b20, 0x000001bf9a891c68]
Event: 142.811 Thread 0x000001bfacf9ac40 12134       1       com.google.common.collect.RegularImmutableList::internalArray (5 bytes)
Event: 142.811 Thread 0x000001bfacf9ac40 nmethod 12134 0x000001bfa1a63610 code [0x000001bfa1a637a0, 0x000001bfa1a63878]
Event: 142.811 Thread 0x000001bfacf9ac40 12135       1       com.google.common.collect.RegularImmutableList::internalArrayStart (2 bytes)
Event: 142.811 Thread 0x000001bfacf9ac40 nmethod 12135 0x000001bfa1a63090 code [0x000001bfa1a63220, 0x000001bfa1a632f8]
Event: 142.820 Thread 0x000001bfacf9ac40 12136       3       java.lang.CompoundEnumeration::next (58 bytes)
Event: 142.821 Thread 0x000001bfacf9ac40 nmethod 12136 0x000001bf9b768b90 code [0x000001bf9b768d40, 0x000001bf9b7690a8]
Event: 142.824 Thread 0x000001bfacf9ac40 12137       3       com.gradle.scan.agent.serialization.scan.serializer.kryo.d::a (91 bytes)
Event: 142.825 Thread 0x000001bfacf9ac40 nmethod 12137 0x000001bf9aa10d90 code [0x000001bf9aa110a0, 0x000001bf9aa122d8]
Event: 142.826 Thread 0x000001bfacf9ac40 12138       1       org.gradle.internal.operations.notify.BuildOperationNotificationBridge$Finished::getNotificationOperationDetails (5 bytes)
Event: 142.826 Thread 0x000001bfacf9ac40 nmethod 12138 0x000001bfa1bf3b90 code [0x000001bfa1bf3d20, 0x000001bfa1bf3df8]
Event: 142.826 Thread 0x000001bfacf9ac40 12139       1       org.gradle.internal.operations.notify.BuildOperationNotificationBridge$Finished::getNotificationOperationResult (5 bytes)
Event: 142.826 Thread 0x000001bfacf9ac40 nmethod 12139 0x000001bfa1bf3610 code [0x000001bfa1bf37a0, 0x000001bfa1bf3878]
Event: 142.826 Thread 0x000001bfacf9ac40 12140       3       org.gradle.api.internal.provider.AbstractProperty::attachOwner (6 bytes)
Event: 142.827 Thread 0x000001bfacf9ac40 nmethod 12140 0x000001bf9a897a90 code [0x000001bf9a897c20, 0x000001bf9a897d78]
Event: 142.836 Thread 0x000001bfacf9ac40 12142       3       org.gradle.api.internal.collections.AbstractIterationOrderRetainingElementSource$Element::realize (130 bytes)

GC Heap History (20 events):
Event: 1.565 GC heap before
{Heap before GC invocations=0 (full 0):
 garbage-first heap   total 262144K, used 26624K [0x00000000e0000000, 0x0000000100000000)
  region size 1024K, 23 young (23552K), 0 survivors (0K)
 Metaspace       used 3077K, committed 3200K, reserved 323584K
  class space    used 393K, committed 448K, reserved 315392K
}
Event: 1.573 GC heap after
{Heap after GC invocations=1 (full 0):
 garbage-first heap   total 262144K, used 10443K [0x00000000e0000000, 0x0000000100000000)
  region size 1024K, 3 young (3072K), 3 survivors (3072K)
 Metaspace       used 3077K, committed 3200K, reserved 323584K
  class space    used 393K, committed 448K, reserved 315392K
}
Event: 3.413 GC heap before
{Heap before GC invocations=1 (full 0):
 garbage-first heap   total 262144K, used 37067K [0x00000000e0000000, 0x0000000100000000)
  region size 1024K, 29 young (29696K), 3 survivors (3072K)
 Metaspace       used 4004K, committed 4160K, reserved 323584K
  class space    used 490K, committed 576K, reserved 315392K
}
Event: 3.419 GC heap after
{Heap after GC invocations=2 (full 0):
 garbage-first heap   total 262144K, used 12085K [0x00000000e0000000, 0x0000000100000000)
  region size 1024K, 2 young (2048K), 2 survivors (2048K)
 Metaspace       used 4004K, committed 4160K, reserved 323584K
  class space    used 490K, committed 576K, reserved 315392K
}
Event: 7.702 GC heap before
{Heap before GC invocations=2 (full 0):
 garbage-first heap   total 262144K, used 158517K [0x00000000e0000000, 0x0000000100000000)
  region size 1024K, 119 young (121856K), 2 survivors (2048K)
 Metaspace       used 21199K, committed 21504K, reserved 339968K
  class space    used 3181K, committed 3328K, reserved 315392K
}
Event: 7.714 GC heap after
{Heap after GC invocations=3 (full 0):
 garbage-first heap   total 262144K, used 52427K [0x00000000e0000000, 0x0000000100000000)
  region size 1024K, 14 young (14336K), 14 survivors (14336K)
 Metaspace       used 21199K, committed 21504K, reserved 339968K
  class space    used 3181K, committed 3328K, reserved 315392K
}
Event: 10.360 GC heap before
{Heap before GC invocations=4 (full 0):
 garbage-first heap   total 262144K, used 168139K [0x00000000e0000000, 0x0000000100000000)
  region size 1024K, 124 young (126976K), 14 survivors (14336K)
 Metaspace       used 35653K, committed 36096K, reserved 348160K
  class space    used 4964K, committed 5184K, reserved 315392K
}
Event: 10.376 GC heap after
{Heap after GC invocations=5 (full 0):
 garbage-first heap   total 262144K, used 61309K [0x00000000e0000000, 0x0000000100000000)
  region size 1024K, 9 young (9216K), 9 survivors (9216K)
 Metaspace       used 35653K, committed 36096K, reserved 348160K
  class space    used 4964K, committed 5184K, reserved 315392K
}
Event: 12.899 GC heap before
{Heap before GC invocations=6 (full 0):
 garbage-first heap   total 262144K, used 190333K [0x00000000e0000000, 0x0000000100000000)
  region size 1024K, 131 young (134144K), 9 survivors (9216K)
 Metaspace       used 48001K, committed 48576K, reserved 364544K
  class space    used 6719K, committed 6976K, reserved 315392K
}
Event: 12.913 GC heap after
{Heap after GC invocations=7 (full 0):
 garbage-first heap   total 262144K, used 72705K [0x00000000e0000000, 0x0000000100000000)
  region size 1024K, 17 young (17408K), 17 survivors (17408K)
 Metaspace       used 48001K, committed 48576K, reserved 364544K
  class space    used 6719K, committed 6976K, reserved 315392K
}
Event: 18.461 GC heap before
{Heap before GC invocations=7 (full 0):
 garbage-first heap   total 262144K, used 223233K [0x00000000e0000000, 0x0000000100000000)
  region size 1024K, 138 young (141312K), 17 survivors (17408K)
 Metaspace       used 59196K, committed 59904K, reserved 372736K
  class space    used 8334K, committed 8704K, reserved 315392K
}
Event: 18.483 GC heap after
{Heap after GC invocations=8 (full 0):
 garbage-first heap   total 262144K, used 113354K [0x00000000e0000000, 0x0000000100000000)
  region size 1024K, 18 young (18432K), 18 survivors (18432K)
 Metaspace       used 59196K, committed 59904K, reserved 372736K
  class space    used 8334K, committed 8704K, reserved 315392K
}
Event: 18.846 GC heap before
{Heap before GC invocations=8 (full 0):
 garbage-first heap   total 262144K, used 127690K [0x00000000e0000000, 0x0000000100000000)
  region size 1024K, 33 young (33792K), 18 survivors (18432K)
 Metaspace       used 59586K, committed 60288K, reserved 372736K
  class space    used 8346K, committed 8704K, reserved 315392K
}
Event: 18.857 GC heap after
{Heap after GC invocations=9 (full 0):
 garbage-first heap   total 262144K, used 116600K [0x00000000e0000000, 0x0000000100000000)
  region size 1024K, 3 young (3072K), 3 survivors (3072K)
 Metaspace       used 59586K, committed 60288K, reserved 372736K
  class space    used 8346K, committed 8704K, reserved 315392K
}
Event: 21.829 GC heap before
{Heap before GC invocations=10 (full 0):
 garbage-first heap   total 262144K, used 209784K [0x00000000e0000000, 0x0000000100000000)
  region size 1024K, 95 young (97280K), 3 survivors (3072K)
 Metaspace       used 69635K, committed 70336K, reserved 380928K
  class space    used 9510K, committed 9856K, reserved 315392K
}
Event: 21.840 GC heap after
{Heap after GC invocations=11 (full 0):
 garbage-first heap   total 262144K, used 123388K [0x00000000e0000000, 0x0000000100000000)
  region size 1024K, 10 young (10240K), 10 survivors (10240K)
 Metaspace       used 69635K, committed 70336K, reserved 380928K
  class space    used 9510K, committed 9856K, reserved 315392K
}
Event: 23.254 GC heap before
{Heap before GC invocations=11 (full 0):
 garbage-first heap   total 262144K, used 213500K [0x00000000e0000000, 0x0000000100000000)
  region size 1024K, 96 young (98304K), 10 survivors (10240K)
 Metaspace       used 73838K, committed 74560K, reserved 380928K
  class space    used 9941K, committed 10304K, reserved 315392K
}
Event: 23.266 GC heap after
{Heap after GC invocations=12 (full 0):
 garbage-first heap   total 262144K, used 125757K [0x00000000e0000000, 0x0000000100000000)
  region size 1024K, 6 young (6144K), 6 survivors (6144K)
 Metaspace       used 73838K, committed 74560K, reserved 380928K
  class space    used 9941K, committed 10304K, reserved 315392K
}
Event: 24.875 GC heap before
{Heap before GC invocations=12 (full 0):
 garbage-first heap   total 262144K, used 211773K [0x00000000e0000000, 0x0000000100000000)
  region size 1024K, 91 young (93184K), 6 survivors (6144K)
 Metaspace       used 77353K, committed 78144K, reserved 389120K
  class space    used 10441K, committed 10816K, reserved 315392K
}
Event: 24.886 GC heap after
{Heap after GC invocations=13 (full 0):
 garbage-first heap   total 262144K, used 132237K [0x00000000e0000000, 0x0000000100000000)
  region size 1024K, 12 young (12288K), 12 survivors (12288K)
 Metaspace       used 77353K, committed 78144K, reserved 389120K
  class space    used 10441K, committed 10816K, reserved 315392K
}

Deoptimization events (20 events):
Event: 142.255 Thread 0x000001bfb1ba9ec0 DEOPT PACKING pc=0x000001bfa1f3f110 sp=0x0000007753af72f0
Event: 142.255 Thread 0x000001bfb1ba9ec0 DEOPT UNPACKING pc=0x000001bf99f823a3 sp=0x0000007753af7260 mode 2
Event: 142.255 Thread 0x000001bfb1ba9ec0 Uncommon trap: trap_request=0xffffff45 fr.pc=0x000001bfa1c8af14 relative=0x00000000000007b4
Event: 142.255 Thread 0x000001bfb1ba9ec0 Uncommon trap: reason=unstable_if action=reinterpret pc=0x000001bfa1c8af14 method=java.util.HashMap.putVal(ILjava/lang/Object;Ljava/lang/Object;ZZ)Ljava/lang/Object; @ 85 c2
Event: 142.255 Thread 0x000001bfb1ba9ec0 DEOPT PACKING pc=0x000001bfa1c8af14 sp=0x0000007753af7310
Event: 142.255 Thread 0x000001bfb1ba9ec0 DEOPT UNPACKING pc=0x000001bf99f823a3 sp=0x0000007753af7240 mode 2
Event: 142.283 Thread 0x000001bfb213c060 DEOPT PACKING pc=0x000001bf9ab831e6 sp=0x00000077554fe600
Event: 142.284 Thread 0x000001bfb213c060 DEOPT UNPACKING pc=0x000001bf99f82b43 sp=0x00000077554fdac8 mode 0
Event: 142.801 Thread 0x000001bfb213c060 Uncommon trap: trap_request=0xffffff45 fr.pc=0x000001bfa1a40c60 relative=0x0000000000000680
Event: 142.801 Thread 0x000001bfb213c060 Uncommon trap: reason=unstable_if action=reinterpret pc=0x000001bfa1a40c60 method=java.util.zip.ZipCoder.hash(Ljava/lang/String;)I @ 23 c2
Event: 142.801 Thread 0x000001bfb213c060 DEOPT PACKING pc=0x000001bfa1a40c60 sp=0x00000077554fe270
Event: 142.801 Thread 0x000001bfb213c060 DEOPT UNPACKING pc=0x000001bf99f823a3 sp=0x00000077554fe188 mode 2
Event: 142.801 Thread 0x000001bfb213c060 Uncommon trap: trap_request=0xffffff45 fr.pc=0x000001bfa1a3e018 relative=0x0000000000000278
Event: 142.801 Thread 0x000001bfb213c060 Uncommon trap: reason=unstable_if action=reinterpret pc=0x000001bfa1a3e018 method=java.util.zip.ZipCoder.hash(Ljava/lang/String;)I @ 23 c2
Event: 142.801 Thread 0x000001bfb213c060 DEOPT PACKING pc=0x000001bfa1a3e018 sp=0x00000077554fe1e0
Event: 142.801 Thread 0x000001bfb213c060 DEOPT UNPACKING pc=0x000001bf99f823a3 sp=0x00000077554fe178 mode 2
Event: 142.802 Thread 0x000001bfb213c060 Uncommon trap: trap_request=0xffffff45 fr.pc=0x000001bfa1c74b94 relative=0x0000000000000094
Event: 142.802 Thread 0x000001bfb213c060 Uncommon trap: reason=unstable_if action=reinterpret pc=0x000001bfa1c74b94 method=java.util.zip.ZipCoder$UTF8ZipCoder.hasTrailingSlash([BI)Z @ 11 c2
Event: 142.802 Thread 0x000001bfb213c060 DEOPT PACKING pc=0x000001bfa1c74b94 sp=0x00000077554fe430
Event: 142.802 Thread 0x000001bfb213c060 DEOPT UNPACKING pc=0x000001bf99f823a3 sp=0x00000077554fe3b0 mode 2

Classes unloaded (7 events):
Event: 24.970 Thread 0x000001bfacf71150 Unloading class 0x00000008013d5000 '_BuildScript_$_run_closure4'
Event: 24.970 Thread 0x000001bfacf71150 Unloading class 0x00000008013c9400 '_BuildScript_$_run_closure3'
Event: 24.970 Thread 0x000001bfacf71150 Unloading class 0x00000008013d4920 '_BuildScript_$_run_closure2'
Event: 24.970 Thread 0x000001bfacf71150 Unloading class 0x00000008013d4538 '_BuildScript_$_run_closure1'
Event: 24.970 Thread 0x000001bfacf71150 Unloading class 0x00000008013d4000 '_BuildScript_'
Event: 24.970 Thread 0x000001bfacf71150 Unloading class 0x00000008012b0400 '_BuildScript_$_run_closure1'
Event: 24.970 Thread 0x000001bfacf71150 Unloading class 0x00000008012b0800 '_BuildScript_'

Classes redefined (0 events):
No events

Internal exceptions (20 events):
Event: 140.691 Thread 0x000001bfb1ba9ec0 Exception <a 'java/lang/ClassNotFoundException'{0x00000000ee02a2a8}: ijresolvers_e9wcw1zmx22qwthuf5uq2jnelCustomizer> (0x00000000ee02a2a8) 
thrown [t:\workspace\open\src\hotspot\share\classfile\systemDictionary.cpp, line 256]
Event: 140.733 Thread 0x000001bfb1ba9ec0 Exception <a 'java/lang/ClassNotFoundException'{0x00000000ee05a968}: SetupUtpTestResultListenerActionBeanInfo> (0x00000000ee05a968) 
thrown [t:\workspace\open\src\hotspot\share\classfile\systemDictionary.cpp, line 256]
Event: 140.734 Thread 0x000001bfb1ba9ec0 Exception <a 'java/lang/ClassNotFoundException'{0x00000000ee060de8}: SetupUtpTestResultListenerActionCustomizer> (0x00000000ee060de8) 
thrown [t:\workspace\open\src\hotspot\share\classfile\systemDictionary.cpp, line 256]
Event: 140.853 Thread 0x000001bfb1ba9ec0 Exception <a 'sun/nio/fs/WindowsException'{0x00000000ee0cf070}> (0x00000000ee0cf070) 
thrown [t:\workspace\open\src\hotspot\share\prims\jni.cpp, line 516]
Event: 140.855 Thread 0x000001bfb1ba9ec0 Exception <a 'sun/nio/fs/WindowsException'{0x00000000ee0d05f8}> (0x00000000ee0d05f8) 
thrown [t:\workspace\open\src\hotspot\share\prims\jni.cpp, line 516]
Event: 140.855 Thread 0x000001bfb1ba9ec0 Exception <a 'sun/nio/fs/WindowsException'{0x00000000ee0d1e00}> (0x00000000ee0d1e00) 
thrown [t:\workspace\open\src\hotspot\share\prims\jni.cpp, line 516]
Event: 140.857 Thread 0x000001bfb1ba9ec0 Exception <a 'sun/nio/fs/WindowsException'{0x00000000ee0d3368}> (0x00000000ee0d3368) 
thrown [t:\workspace\open\src\hotspot\share\prims\jni.cpp, line 516]
Event: 140.906 Thread 0x000001bfb1ba9ec0 Implicit null exception at 0x000001bfa1dc8f0f to 0x000001bfa1dc9790
Event: 140.906 Thread 0x000001bfb1ba9ec0 Implicit null exception at 0x000001bfa1bcf394 to 0x000001bfa1bcfa20
Event: 141.145 Thread 0x000001bfb1ba9ec0 Exception <a 'java/lang/NoSuchMethodError'{0x00000000ede64e08}: 'long java.lang.invoke.DirectMethodHandle$Holder.invokeSpecial(java.lang.Object, java.lang.Object)'> (0x00000000ede64e08) 
thrown [t:\workspace\open\src\hotspot\share\interpreter\linkResolver.cpp, line 766]
Event: 141.431 Thread 0x000001bfb1ba9ec0 Exception <a 'sun/nio/fs/WindowsException'{0x00000000ed812648}> (0x00000000ed812648) 
thrown [t:\workspace\open\src\hotspot\share\prims\jni.cpp, line 516]
Event: 141.613 Thread 0x000001bfb1ba9ec0 Exception <a 'java/lang/NoSuchMethodError'{0x00000000ed3ea1d8}: 'void java.lang.invoke.DirectMethodHandle$Holder.invokeStatic(java.lang.Object, java.lang.Object, java.lang.Object, java.lang.Object, java.lang.Object, java.lang.Object, java.lang.Object, java.lang.Object)'> (0x00000000ed3ea1d8) 
thrown [t:\workspace\open\src\hotspot\share\interpreter\linkResolver.cpp, line 766]
Event: 141.642 Thread 0x000001bfb1ba9ec0 Exception <a 'java/lang/NoSuchMethodError'{0x00000000ed164ef0}: 'void java.lang.invoke.DirectMethodHandle$Holder.invokeStatic(java.lang.Object, java.lang.Object, java.lang.Object, java.lang.Object, java.lang.Object, java.lang.Object, java.lang.Object)'> (0x00000000ed164ef0) 
thrown [t:\workspace\open\src\hotspot\share\interpreter\linkResolver.cpp, line 766]
Event: 141.854 Thread 0x000001bfb1ba9ec0 Exception <a 'java/lang/NoSuchMethodError'{0x00000000ec8cacb8}: 'java.lang.Object java.lang.invoke.Invokers$Holder.linkToTargetMethod(java.lang.Object, java.lang.Object, java.lang.Object, int, java.lang.Object, java.lang.Object, java.lang.Object, java.lang.Object)'> (0x00000000ec8cacb8) 
thrown [t:\workspace\open\src\hotspot\share\interpreter\linkResolver.cpp, line 766]
Event: 141.940 Thread 0x000001bfb1ba9ec0 Exception <a 'java/lang/NoSuchMethodError'{0x00000000ec3baa08}: 'java.lang.Object java.lang.invoke.DirectMethodHandle$Holder.invokeSpecial(java.lang.Object, java.lang.Object, int, java.lang.Object, java.lang.Object, java.lang.Object)'> (0x00000000ec3baa08) 
thrown [t:\workspace\open\src\hotspot\share\interpreter\linkResolver.cpp, line 766]
Event: 141.952 Thread 0x000001bfb1ba9ec0 Exception <a 'java/lang/NoSuchMethodError'{0x00000000ec294cf0}: 'void java.lang.invoke.DirectMethodHandle$Holder.invokeStatic(java.lang.Object, java.lang.Object, java.lang.Object, java.lang.Object, java.lang.Object, java.lang.Object, java.lang.Object, java.lang.Object, java.lang.Object, java.lang.Object)'> (0x00000000ec294cf0) 
thrown [t:\workspace\open\src\hotspot\share\interpreter\linkResolver.cpp, line 766]
Event: 142.167 Thread 0x000001bfb1ba9ec0 Exception <a 'java/lang/ClassNotFoundException'{0x00000000ebbc4d78}: settings_65lxew0jv29xxnch3swxex817BeanInfo> (0x00000000ebbc4d78) 
thrown [t:\workspace\open\src\hotspot\share\classfile\systemDictionary.cpp, line 256]
Event: 142.170 Thread 0x000001bfb1ba9ec0 Exception <a 'java/lang/ClassNotFoundException'{0x00000000ebbec0e0}: settings_65lxew0jv29xxnch3swxex817Customizer> (0x00000000ebbec0e0) 
thrown [t:\workspace\open\src\hotspot\share\classfile\systemDictionary.cpp, line 256]
Event: 142.518 Thread 0x000001bfb1ba9ec0 Exception <a 'java/lang/ClassNotFoundException'{0x00000000eb7cda58}: build_erf33etwiiv1lrytzcuybnxfpBeanInfo> (0x00000000eb7cda58) 
thrown [t:\workspace\open\src\hotspot\share\classfile\systemDictionary.cpp, line 256]
Event: 142.519 Thread 0x000001bfb1ba9ec0 Exception <a 'java/lang/ClassNotFoundException'{0x00000000eb7d4438}: build_erf33etwiiv1lrytzcuybnxfpCustomizer> (0x00000000eb7d4438) 
thrown [t:\workspace\open\src\hotspot\share\classfile\systemDictionary.cpp, line 256]

VM Operations (20 events):
Event: 139.582 Executing VM operation: Cleanup
Event: 139.582 Executing VM operation: Cleanup done
Event: 140.514 Executing VM operation: ICBufferFull
Event: 140.514 Executing VM operation: ICBufferFull done
Event: 140.836 Executing VM operation: ICBufferFull
Event: 140.836 Executing VM operation: ICBufferFull done
Event: 141.643 Executing VM operation: HandshakeAllThreads
Event: 141.646 Executing VM operation: HandshakeAllThreads done
Event: 141.800 Executing VM operation: ICBufferFull
Event: 141.802 Executing VM operation: ICBufferFull done
Event: 141.982 Executing VM operation: HandshakeAllThreads
Event: 141.982 Executing VM operation: HandshakeAllThreads done
Event: 142.096 Executing VM operation: HandshakeAllThreads
Event: 142.096 Executing VM operation: HandshakeAllThreads done
Event: 142.192 Executing VM operation: HandshakeAllThreads
Event: 142.193 Executing VM operation: HandshakeAllThreads done
Event: 142.302 Executing VM operation: ICBufferFull
Event: 142.303 Executing VM operation: ICBufferFull done
Event: 142.575 Executing VM operation: ICBufferFull
Event: 142.575 Executing VM operation: ICBufferFull done

Events (20 events):
Event: 142.218 Thread 0x000001bfacf9b950 flushing nmethod 0x000001bf9b779690
Event: 142.218 Thread 0x000001bfacf9b950 flushing nmethod 0x000001bf9b7a1390
Event: 142.218 Thread 0x000001bfacf9b950 flushing nmethod 0x000001bf9b7a2d90
Event: 142.218 Thread 0x000001bfacf9b950 flushing nmethod 0x000001bf9b808690
Event: 142.220 Thread 0x000001bfacf9b950 flushing nmethod 0x000001bf9b953c10
Event: 142.220 Thread 0x000001bfacf9b950 flushing nmethod 0x000001bf9b96b190
Event: 142.241 loading class java/util/stream/SortedOps$OfRef
Event: 142.243 loading class java/util/stream/SortedOps$OfRef done
Event: 142.244 loading class java/util/stream/SortedOps$SizedRefSortingSink
Event: 142.245 loading class java/util/stream/SortedOps$AbstractRefSortingSink
Event: 142.245 loading class java/util/stream/SortedOps$AbstractRefSortingSink done
Event: 142.245 loading class java/util/stream/SortedOps$SizedRefSortingSink done
Event: 142.578 Thread 0x000001bfb49ed710 Thread added: 0x000001bfb49ed710
Event: 142.722 Thread 0x000001bfb49ecd70 Thread added: 0x000001bfb49ecd70
Event: 142.724 Thread 0x000001bfb49ebf00 Thread added: 0x000001bfb49ebf00
Event: 142.725 Thread 0x000001bfb49ec3d0 Thread added: 0x000001bfb49ec3d0
Event: 142.725 Thread 0x000001bfb49b4520 Thread added: 0x000001bfb49b4520
Event: 142.725 Thread 0x000001bfb49b49f0 Thread added: 0x000001bfb49b49f0
Event: 142.725 Thread 0x000001bfb49b6200 Thread added: 0x000001bfb49b6200
Event: 142.726 Thread 0x000001bfb49b5860 Thread added: 0x000001bfb49b5860


Dynamic libraries:
0x00007ff74c8a0000 - 0x00007ff74c8b0000 	C:\Java\jdk-17.0.2\bin\java.exe
0x00007fff221f0000 - 0x00007fff22404000 	C:\WINDOWS\SYSTEM32\ntdll.dll
0x00007fff20090000 - 0x00007fff20154000 	C:\WINDOWS\System32\KERNEL32.DLL
0x00007fff1fa60000 - 0x00007fff1fe04000 	C:\WINDOWS\System32\KERNELBASE.dll
0x00007fff1f670000 - 0x00007fff1f781000 	C:\WINDOWS\System32\ucrtbase.dll
0x00007ffed9650000 - 0x00007ffed966a000 	C:\Java\jdk-17.0.2\bin\VCRUNTIME140.dll
0x00007ffed9bf0000 - 0x00007ffed9c08000 	C:\Java\jdk-17.0.2\bin\jli.dll
0x00007fff20f10000 - 0x00007fff20fc0000 	C:\WINDOWS\System32\ADVAPI32.dll
0x00007fff206e0000 - 0x00007fff20787000 	C:\WINDOWS\System32\msvcrt.dll
0x00007fff22060000 - 0x00007fff22106000 	C:\WINDOWS\System32\sechost.dll
0x00007fff20bf0000 - 0x00007fff20d07000 	C:\WINDOWS\System32\RPCRT4.dll
0x00007fff21e20000 - 0x00007fff21fca000 	C:\WINDOWS\System32\USER32.dll
0x00007fff1ff80000 - 0x00007fff1ffa6000 	C:\WINDOWS\System32\win32u.dll
0x00007fff210f0000 - 0x00007fff21119000 	C:\WINDOWS\System32\GDI32.dll
0x00007fff1f940000 - 0x00007fff1fa59000 	C:\WINDOWS\System32\gdi32full.dll
0x00007fff0b5d0000 - 0x00007fff0b85f000 	C:\WINDOWS\WinSxS\amd64_microsoft.windows.common-controls_6595b64144ccf1df_6.0.22621.2070_none_2713e6537381f706\COMCTL32.dll
0x00007fff1f5d0000 - 0x00007fff1f66a000 	C:\WINDOWS\System32\msvcp_win.dll
0x00007fff18130000 - 0x00007fff1813a000 	C:\WINDOWS\SYSTEM32\VERSION.dll
0x00007fff22170000 - 0x00007fff221a1000 	C:\WINDOWS\System32\IMM32.DLL
0x00007ffef36b0000 - 0x00007ffef36bc000 	C:\Java\jdk-17.0.2\bin\vcruntime140_1.dll
0x00007ffec2f10000 - 0x00007ffec2f9d000 	C:\Java\jdk-17.0.2\bin\msvcp140.dll
0x00007ffe95410000 - 0x00007ffe95fd1000 	C:\Java\jdk-17.0.2\bin\server\jvm.dll
0x00007fff20790000 - 0x00007fff20798000 	C:\WINDOWS\System32\PSAPI.DLL
0x00007fff16630000 - 0x00007fff16664000 	C:\WINDOWS\SYSTEM32\WINMM.dll
0x00007fff0ccc0000 - 0x00007fff0ccc9000 	C:\WINDOWS\SYSTEM32\WSOCK32.dll
0x00007fff20800000 - 0x00007fff20871000 	C:\WINDOWS\System32\WS2_32.dll
0x00007fff1e580000 - 0x00007fff1e598000 	C:\WINDOWS\SYSTEM32\kernel.appcore.dll
0x00007ffef2100000 - 0x00007ffef210a000 	C:\Java\jdk-17.0.2\bin\jimage.dll
0x00007fff1cf40000 - 0x00007fff1d16e000 	C:\WINDOWS\SYSTEM32\DBGHELP.DLL
0x00007fff21a90000 - 0x00007fff21e1a000 	C:\WINDOWS\System32\combase.dll
0x00007fff1ffb0000 - 0x00007fff20087000 	C:\WINDOWS\System32\OLEAUT32.dll
0x00007fff0efe0000 - 0x00007fff0f012000 	C:\WINDOWS\SYSTEM32\dbgcore.DLL
0x00007fff1f850000 - 0x00007fff1f8ca000 	C:\WINDOWS\System32\bcryptPrimitives.dll
0x00007fff0c910000 - 0x00007fff0c91e000 	C:\Java\jdk-17.0.2\bin\instrument.dll
0x00007ffed4260000 - 0x00007ffed4285000 	C:\Java\jdk-17.0.2\bin\java.dll
0x00007ffec2a30000 - 0x00007ffec2b06000 	C:\Java\jdk-17.0.2\bin\jsvml.dll
0x00007fff21140000 - 0x00007fff21956000 	C:\WINDOWS\System32\SHELL32.dll
0x00007fff1d550000 - 0x00007fff1de3a000 	C:\WINDOWS\SYSTEM32\windows.storage.dll
0x00007fff1d410000 - 0x00007fff1d54e000 	C:\WINDOWS\SYSTEM32\wintypes.dll
0x00007fff20e00000 - 0x00007fff20ef3000 	C:\WINDOWS\System32\SHCORE.dll
0x00007fff22110000 - 0x00007fff2216e000 	C:\WINDOWS\System32\shlwapi.dll
0x00007fff1f500000 - 0x00007fff1f526000 	C:\WINDOWS\SYSTEM32\profapi.dll
0x00007ffed3fd0000 - 0x00007ffed3fe8000 	C:\Java\jdk-17.0.2\bin\zip.dll
0x00007ffed7d70000 - 0x00007ffed7d89000 	C:\Java\jdk-17.0.2\bin\net.dll
0x00007fff15c70000 - 0x00007fff15da7000 	C:\WINDOWS\SYSTEM32\WINHTTP.dll
0x00007fff1ea40000 - 0x00007fff1eaa9000 	C:\WINDOWS\system32\mswsock.dll
0x00007ffed4690000 - 0x00007ffed46a6000 	C:\Java\jdk-17.0.2\bin\nio.dll
0x00007ffeec9f0000 - 0x00007ffeeca00000 	C:\Java\jdk-17.0.2\bin\verify.dll
0x00007ffed19b0000 - 0x00007ffed19d7000 	C:\Users\HELIO\.gradle\native\68d5fa5c4cc2d200863cafc0d521ce42e7d3e7ee720ec0a83991735586a16f82\windows-amd64\native-platform.dll
0x00007ffed1a00000 - 0x00007ffed1b44000 	C:\Users\HELIO\.gradle\native\e376f236ea51e6404a007f0833ffe2c6e607c4080706a723a18a27aeea778392\windows-amd64\native-platform-file-events.dll
0x00007fff0c900000 - 0x00007fff0c909000 	C:\Java\jdk-17.0.2\bin\management.dll
0x00007fff0c8f0000 - 0x00007fff0c8fb000 	C:\Java\jdk-17.0.2\bin\management_ext.dll
0x00007fff1ed60000 - 0x00007fff1ed7b000 	C:\WINDOWS\SYSTEM32\CRYPTSP.dll
0x00007fff1e540000 - 0x00007fff1e575000 	C:\WINDOWS\system32\rsaenh.dll
0x00007fff1eae0000 - 0x00007fff1eb0c000 	C:\WINDOWS\SYSTEM32\USERENV.dll
0x00007fff1ef00000 - 0x00007fff1ef28000 	C:\WINDOWS\SYSTEM32\bcrypt.dll
0x00007fff1ed40000 - 0x00007fff1ed4c000 	C:\WINDOWS\SYSTEM32\CRYPTBASE.dll
0x00007fff1e0a0000 - 0x00007fff1e0cd000 	C:\WINDOWS\SYSTEM32\IPHLPAPI.DLL
0x00007fff20f00000 - 0x00007fff20f09000 	C:\WINDOWS\System32\NSI.dll
0x00007fff15e80000 - 0x00007fff15e99000 	C:\WINDOWS\SYSTEM32\dhcpcsvc6.DLL
0x00007fff15c50000 - 0x00007fff15c6f000 	C:\WINDOWS\SYSTEM32\dhcpcsvc.DLL
0x00007fff1e110000 - 0x00007fff1e203000 	C:\WINDOWS\SYSTEM32\DNSAPI.dll
0x00007fff0ac30000 - 0x00007fff0ac3e000 	C:\Java\jdk-17.0.2\bin\sunmscapi.dll
0x00007fff1fe10000 - 0x00007fff1ff77000 	C:\WINDOWS\System32\CRYPT32.dll
0x00007fff1eec0000 - 0x00007fff1eeee000 	C:\WINDOWS\SYSTEM32\ncrypt.dll
0x00007fff1ee80000 - 0x00007fff1eeb7000 	C:\WINDOWS\SYSTEM32\NTASN1.dll
0x00007fff0c840000 - 0x00007fff0c848000 	C:\WINDOWS\system32\wshunix.dll
0x00007fff15e70000 - 0x00007fff15e7a000 	C:\Windows\System32\rasadhlp.dll
0x00007fff13cb0000 - 0x00007fff13d34000 	C:\WINDOWS\System32\fwpuclnt.dll
0x00007fff05570000 - 0x00007fff05587000 	C:\WINDOWS\system32\napinsp.dll
0x00007fff054a0000 - 0x00007fff054bb000 	C:\WINDOWS\system32\pnrpnsp.dll
0x00007fff04de0000 - 0x00007fff04df1000 	C:\WINDOWS\System32\winrnr.dll
0x00007fff15bd0000 - 0x00007fff15be5000 	C:\WINDOWS\system32\wshbth.dll
0x00007fff04db0000 - 0x00007fff04dd1000 	C:\WINDOWS\system32\nlansp_c.dll

dbghelp: loaded successfully - version: 4.0.5 - missing functions: none
symbol engine: initialized successfully - sym options: 0x614 - pdb path: .;C:\Java\jdk-17.0.2\bin;C:\WINDOWS\SYSTEM32;C:\WINDOWS\WinSxS\amd64_microsoft.windows.common-controls_6595b64144ccf1df_6.0.22621.2070_none_2713e6537381f706;C:\Java\jdk-17.0.2\bin\server;C:\Users\HELIO\.gradle\native\68d5fa5c4cc2d200863cafc0d521ce42e7d3e7ee720ec0a83991735586a16f82\windows-amd64;C:\Users\HELIO\.gradle\native\e376f236ea51e6404a007f0833ffe2c6e607c4080706a723a18a27aeea778392\windows-amd64

VM Arguments:
jvm_args: --add-opens=java.base/java.util=ALL-UNNAMED --add-opens=java.base/java.lang=ALL-UNNAMED --add-opens=java.base/java.lang.invoke=ALL-UNNAMED --add-opens=java.prefs/java.util.prefs=ALL-UNNAMED --add-opens=java.base/java.nio.charset=ALL-UNNAMED --add-opens=java.base/java.net=ALL-UNNAMED --add-opens=java.base/java.util.concurrent.atomic=ALL-UNNAMED -XX:MaxMetaspaceSize=384m -XX:+HeapDumpOnOutOfMemoryError -Xms256m -Xmx512m -Dfile.encoding=UTF-8 -Duser.country=BR -Duser.language=pt -Duser.variant -javaagent:C:\Users\HELIO\.gradle\wrapper\dists\gradle-8.2.1-bin\5hap6b9n41hkg4jeh2au2pllh\gradle-8.2.1\lib\agents\gradle-instrumentation-agent-8.2.1.jar 
java_command: org.gradle.launcher.daemon.bootstrap.GradleDaemon 8.2.1
java_class_path (initial): C:\Users\HELIO\.gradle\wrapper\dists\gradle-8.2.1-bin\5hap6b9n41hkg4jeh2au2pllh\gradle-8.2.1\lib\gradle-launcher-8.2.1.jar
Launcher Type: SUN_STANDARD

[Global flags]
     intx CICompilerCount                          = 4                                         {product} {ergonomic}
   size_t CompressedClassSpaceSize                 = 322961408                                 {product} {ergonomic}
     uint ConcGCThreads                            = 2                                         {product} {ergonomic}
     uint G1ConcRefinementThreads                  = 8                                         {product} {ergonomic}
   size_t G1HeapRegionSize                         = 1048576                                   {product} {ergonomic}
    uintx GCDrainStackTargetSize                   = 64                                        {product} {ergonomic}
     bool HeapDumpOnOutOfMemoryError               = true                                   {manageable} {command line}
   size_t InitialHeapSize                          = 268435456                                 {product} {command line}
   size_t MarkStackSize                            = 4194304                                   {product} {ergonomic}
   size_t MaxHeapSize                              = 536870912                                 {product} {command line}
   size_t MaxMetaspaceSize                         = 402653184                                 {product} {command line}
   size_t MaxNewSize                               = 321912832                                 {product} {ergonomic}
   size_t MinHeapDeltaBytes                        = 1048576                                   {product} {ergonomic}
   size_t MinHeapSize                              = 268435456                                 {product} {command line}
    uintx NonNMethodCodeHeapSize                   = 5839372                                {pd product} {ergonomic}
    uintx NonProfiledCodeHeapSize                  = 122909434                              {pd product} {ergonomic}
    uintx ProfiledCodeHeapSize                     = 122909434                              {pd product} {ergonomic}
    uintx ReservedCodeCacheSize                    = 251658240                              {pd product} {ergonomic}
     bool SegmentedCodeCache                       = true                                      {product} {ergonomic}
   size_t SoftMaxHeapSize                          = 536870912                              {manageable} {ergonomic}
     bool UseCompressedClassPointers               = true                           {product lp64_product} {ergonomic}
     bool UseCompressedOops                        = true                           {product lp64_product} {ergonomic}
     bool UseG1GC                                  = true                                      {product} {ergonomic}
     bool UseLargePagesIndividualAllocation        = false                                  {pd product} {ergonomic}

Logging:
Log output configuration:
 #0: stdout all=warning uptime,level,tags
 #1: stderr all=off uptime,level,tags

Environment Variables:
JAVA_HOME=C:\Java\jdk-20
PATH=C:\Python\Python310\Scripts\;C:\Python\Python310\;C:\Python311\Scripts\;C:\Python311\;C:\WINDOWS\system32;C:\WINDOWS;C:\WINDOWS\System32\Wbem;C:\WINDOWS\System32\WindowsPowerShell\v1.0\;C:\WINDOWS\System32\OpenSSH\;C:\ProgramData\chocolatey\bin;C:\Git\cmd;C:\Program Files\dotnet\;C:\Program Files\Microsoft SQL Server\130\Tools\Binn\;C:\Program Files\Microsoft SQL Server\Client SDK\ODBC\170\Tools\Binn\;C:\nvm;C:\nvm\nodejs;E:\apache-maven-3.9.4\bin;C:\flyway-9.20.0;C:\Program Files\TortoiseGit\bin;C:\Java\jdk-20\bin;C:\Program Files\PowerShell\7\;C:\wildfly-28.0.0.Final\bin;C:\Program Files\Docker\Docker\resources\bin;E:\gradle-8.3\bin;C:\Users\HELIO\AppData\Local\Microsoft\WindowsApps;C:\Users\HELIO\.dotnet\tools;C:\nvm;C:\nvm\nodejs;C:\Users\HELIO\AppData\Local\Programs\Microsoft VS Code\bin
USERNAME=HELIO
OS=Windows_NT
PROCESSOR_IDENTIFIER=Intel64 Family 6 Model 142 Stepping 12, GenuineIntel



---------------  S Y S T E M  ---------------

OS:
 Windows 11 , 64 bit Build 22621 (10.0.22621.2070)
OS uptime: 8 days 17:52 hours
Hyper-V role detected

CPU: total 8 (initial active 8) (4 cores per cpu, 2 threads per core) family 6 model 142 stepping 12 microcode 0xf0, cx8, cmov, fxsr, ht, mmx, 3dnowpref, sse, sse2, sse3, ssse3, sse4.1, sse4.2, popcnt, lzcnt, tsc, tscinvbit, avx, avx2, aes, erms, clmul, bmi1, bmi2, adx, fma, vzeroupper, clflush, clflushopt, hv

Memory: 4k page, system-wide physical 8025M (245M free)
TotalPageFile size 32601M (AvailPageFile size 60M)
current process WorkingSet (physical memory assigned to process): 231M, peak: 475M
current process commit charge ("private bytes"): 523M, peak: 525M

vm_info: Java HotSpot(TM) 64-Bit Server VM (17.0.2+8-LTS-86) for windows-amd64 JRE (17.0.2+8-LTS-86), built on Dec  7 2021 21:51:03 by "mach5one" with MS VC++ 16.8 / 16.9 (VS2019)

END.
